Log file open, 02/26/17 12:08:42
LogInit:Display: Running engine for game: RTSToolkit
LogPlatformFile: Not using cached read wrapper
LogInit:Display: RandInit(1651498813) SRandInit(1651498813).
LogTaskGraph: Started task graph with 5 named threads and 8 total threads with 1 sets of task threads.
LogStats: Stats thread started at 0.334672
LogInit: Using libcurl 7.47.1
LogInit:  - built for x86_64-pc-win32
LogInit:  - supports SSL with OpenSSL/1.0.2g
LogInit:  - supports HTTP deflate (compression) using libz 1.2.8
LogInit:  - other features:
LogInit:      CURL_VERSION_SSL
LogInit:      CURL_VERSION_LIBZ
LogInit:      CURL_VERSION_IPV6
LogInit:      CURL_VERSION_ASYNCHDNS
LogInit:      CURL_VERSION_LARGEFILE
LogInit:      CURL_VERSION_IDN
LogInit:  CurlRequestOptions (configurable via config and command line):
LogInit:  - bVerifyPeer = false  - Libcurl will NOT verify peer certificate
LogInit:  - bUseHttpProxy = false  - Libcurl will NOT use HTTP proxy
LogInit:  - bDontReuseConnections = false  - Libcurl will reuse connections
LogInit:  - CertBundlePath = nullptr  - Libcurl will use whatever was configured at build time.
LogInit: Build: ++UE4+Release-4.15-CL-3299760
LogInit: Engine Version: 4.15.0-3299760+++UE4+Release-4.15
LogInit: Compatible Engine Version: 4.15.0-3299760+++UE4+Release-4.15
LogInit: Net CL: 3299760
LogDevObjectVersion: Number of dev versions registered: 14
LogDevObjectVersion:   Dev-Blueprints (B0D832E4-1F89-4F0D-ACCF-7EB736FD4AA2): 8
LogDevObjectVersion:   Dev-Build (E1C64328-A22C-4D53-A36C-8E866417BD8C): 0
LogDevObjectVersion:   Dev-Core (375EC13C-06E4-48FB-B500-84F0262A717E): 2
LogDevObjectVersion:   Dev-Editor (E4B068ED-F494-42E9-A231-DA0B2E46BB41): 14
LogDevObjectVersion:   Dev-Framework (CFFC743F-43B0-4480-9391-14DF171D2073): 22
LogDevObjectVersion:   Dev-Mobile (B02B49B5-BB20-44E9-A304-32B752E40360): 0
LogDevObjectVersion:   Dev-Networking (A4E4105C-59A1-49B5-A7C5-40C4547EDFEE): 0
LogDevObjectVersion:   Dev-Online (39C831C9-5AE6-47DC-9A44-9C173E1C8E7C): 0
LogDevObjectVersion:   Dev-Physics (78F01B33-EBEA-4F98-B9B4-84EACCB95AA2): 0
LogDevObjectVersion:   Dev-Platform (6631380F-2D4D-43E0-8009-CF276956A95A): 0
LogDevObjectVersion:   Dev-Rendering (12F88B9F-8875-4AFC-A67C-D90C383ABD29): 12
LogDevObjectVersion:   Dev-Sequencer (7B5AE74C-D270-4C10-A958-57980B212A5A): 3
LogDevObjectVersion:   Dev-VR (D7296918-1DD6-4BDD-9DE2-64A83CC13884): 0
LogDevObjectVersion:   Dev-LoadTimes (C2A15278-BFE7-4AFE-6C17-90FF531DF755): 1
LogInit: Compiled (64-bit): Feb 14 2017 02:04:14
LogInit: Compiled with Visual C++: 19.00.23026.00
LogInit: Build Configuration: Development
LogInit: Branch Name: ++UE4+Release-4.15
LogInit: Command line:  
LogInit: Base directory: C:/Program Files (x86)/Epic Games/4.15/Engine/Binaries/Win64/
LogInit: Installed Engine Build: 1
LogInit: Presizing for max 8388607 objects, including 0 objects not considered by GC, pre-allocating 0 bytes for permanent pool.
LogInit: Object subsystem initialized
[2017.02.26-17.08.42:864][  0]LogInit: Selected Device Profile: [Windows]
[2017.02.26-17.08.42:864][  0]LogInit: Applying CVar settings loaded from the selected device profile: [Windows]
[2017.02.26-17.08.42:884][  0]LogInit: Computer: RAPTOR
[2017.02.26-17.08.42:884][  0]LogInit: User: Ben
[2017.02.26-17.08.42:884][  0]LogInit: CPU Page size=65536, Cores=4
[2017.02.26-17.08.42:884][  0]LogInit: High frequency timer resolution =3.906242 MHz
[2017.02.26-17.08.42:884][  0]LogMemory: Memory total: Physical=16.0GB (16GB approx)
[2017.02.26-17.08.42:884][  0]LogMemory: Platform Memory Stats for Windows
[2017.02.26-17.08.42:884][  0]LogMemory: Process Physical Memory: 262.85 MB used, 262.85 MB peak
[2017.02.26-17.08.42:884][  0]LogMemory: Process Virtual Memory: 262.45 MB used, 262.45 MB peak
[2017.02.26-17.08.42:884][  0]LogMemory: Physical Memory: 5692.26 MB used,  10643.39 MB free, 16335.65 MB total
[2017.02.26-17.08.42:884][  0]LogMemory: Virtual Memory: 643.97 MB used,  10643.39 MB free, 134217728.00 MB total
[2017.02.26-17.08.43:176][  0]LogTextLocalizationManager: No specific translations for ('en-US') exist, so ('en') translations will be used.
[2017.02.26-17.08.45:115][  0]LogD3D11RHI: D3D11 adapters:
[2017.02.26-17.08.45:142][  0]LogD3D11RHI:    0. 'NVIDIA GeForce GTX 980 Ti' (Feature Level 11_0)
[2017.02.26-17.08.45:142][  0]LogD3D11RHI:       6102/0/8167 MB DedicatedVideo/DedicatedSystem/SharedSystem, Outputs:2, VendorId:0x10de
[2017.02.26-17.08.45:143][  0]LogD3D11RHI:    1. 'Microsoft Basic Render Driver' (Feature Level 11_0)
[2017.02.26-17.08.45:143][  0]LogD3D11RHI:       0/0/8167 MB DedicatedVideo/DedicatedSystem/SharedSystem, Outputs:0, VendorId:0x1414
[2017.02.26-17.08.45:143][  0]LogD3D11RHI: Chosen D3D11 Adapter: 0
[2017.02.26-17.08.45:150][  0]LogD3D11RHI: Creating new Direct3DDevice
[2017.02.26-17.08.45:150][  0]LogD3D11RHI:     GPU DeviceId: 0x17c8 (for the marketing name, search the web for "GPU Device Id")
[2017.02.26-17.08.45:150][  0]LogWindows: EnumDisplayDevices:
[2017.02.26-17.08.45:150][  0]LogWindows:    0. 'NVIDIA GeForce GTX 980 Ti' (P:0 D:1)
[2017.02.26-17.08.45:150][  0]LogWindows:    1. 'NVIDIA GeForce GTX 980 Ti' (P:1 D:1)
[2017.02.26-17.08.45:150][  0]LogWindows:    2. 'NVIDIA GeForce GTX 980 Ti' (P:0 D:0)
[2017.02.26-17.08.45:151][  0]LogWindows:    3. 'NVIDIA GeForce GTX 980 Ti' (P:0 D:0)
[2017.02.26-17.08.45:151][  0]LogWindows: DebugString: FoundDriverCount:4 
[2017.02.26-17.08.45:151][  0]LogD3D11RHI:     Adapter Name: NVIDIA GeForce GTX 980 Ti
[2017.02.26-17.08.45:151][  0]LogD3D11RHI:   Driver Version: 376.53 (internal:21.21.13.7653, unified:376.53)
[2017.02.26-17.08.45:151][  0]LogD3D11RHI:      Driver Date: 12-29-2016
[2017.02.26-17.08.45:151][  0]LogRHI: Texture pool is 1361 MB (70% of 1945 MB)
[2017.02.26-17.08.45:168][  0]LogD3D11RHI: Async texture creation enabled
[2017.02.26-17.08.45:194][  0]LogD3D11RHI: GPU Timing Frequency: 1000.000000 (Debug: 2 1)
[2017.02.26-17.08.45:296][  0]LogShaderCompilers: Guid format shader working directory is -20 characters bigger than the processId version (../../../../../../Users/Ben/Documents/GitUnreal/uRTS/RTSToolkit/Intermediate/Shaders/WorkingDirectory/29964/).
[2017.02.26-17.08.45:297][  0]LogShaderCompilers: Cleaned the shader compiler working directory 'C:/Users/Ben/AppData/Local/Temp/UnrealShaderWorkingDir/2049DF724E7333EE285F8A83B8F02950/'.
[2017.02.26-17.08.45:297][  0]LogShaderCompilers:Display: Using Local Shader Compiler.
[2017.02.26-17.08.47:304][  0]LogTemp:Display: Loaded TP AllDesktopTargetPlatform
[2017.02.26-17.08.47:346][  0]LogTemp:Display: Loaded TP MacClientTargetPlatform
[2017.02.26-17.08.47:391][  0]LogTemp:Display: Loaded TP MacNoEditorTargetPlatform
[2017.02.26-17.08.47:434][  0]LogTemp:Display: Loaded TP MacServerTargetPlatform
[2017.02.26-17.08.47:481][  0]LogTemp:Display: Loaded TP MacTargetPlatform
[2017.02.26-17.08.47:535][  0]LogTemp:Display: Loaded TP WindowsClientTargetPlatform
[2017.02.26-17.08.47:582][  0]LogTemp:Display: Loaded TP WindowsNoEditorTargetPlatform
[2017.02.26-17.08.47:637][  0]LogTemp:Display: Loaded TP WindowsServerTargetPlatform
[2017.02.26-17.08.47:678][  0]LogTemp:Display: Loaded TP WindowsTargetPlatform
[2017.02.26-17.08.47:730][  0]LogTemp:Display: Loaded TP AndroidTargetPlatform
[2017.02.26-17.08.47:778][  0]LogTemp:Display: Loaded TP Android_ASTCTargetPlatform
[2017.02.26-17.08.47:822][  0]LogTemp:Display: Loaded TP Android_ATCTargetPlatform
[2017.02.26-17.08.47:866][  0]LogTemp:Display: Loaded TP Android_DXTTargetPlatform
[2017.02.26-17.08.47:908][  0]LogTemp:Display: Loaded TP Android_ETC1TargetPlatform
[2017.02.26-17.08.47:952][  0]LogTemp:Display: Loaded TP Android_ETC2TargetPlatform
[2017.02.26-17.08.48:043][  0]LogTemp:Display: Loaded TP Android_MultiTargetPlatform
[2017.02.26-17.08.48:043][  0]LogTemp:Display: Loaded TP Android_PVRTCTargetPlatform
[2017.02.26-17.08.48:071][  0]LogTemp:Display: Loaded TP HTML5TargetPlatform
[2017.02.26-17.08.48:179][  0]LogTemp:Display: Loaded TP IOSTargetPlatform
[2017.02.26-17.08.48:207][  0]LogTemp:Display: Loaded TP TVOSTargetPlatform
[2017.02.26-17.08.48:248][  0]LogTemp:Display: Loaded TP LinuxClientTargetPlatform
[2017.02.26-17.08.48:290][  0]LogTemp:Display: Loaded TP LinuxNoEditorTargetPlatform
[2017.02.26-17.08.48:333][  0]LogTemp:Display: Loaded TP LinuxServerTargetPlatform
[2017.02.26-17.08.48:380][  0]LogTemp:Display: Loaded TP LinuxTargetPlatform
[2017.02.26-17.08.48:380][  0]LogTargetPlatformManager:Display: Building Assets For Windows
[2017.02.26-17.08.48:926][  0]LogDerivedDataCache:Display: Max Cache Size: 512 MB
[2017.02.26-17.08.49:176][  0]LogDerivedDataCache: Loaded boot cache 0.25s 52MB C:/Users/Ben/AppData/Local/UnrealEngine/4.15/DerivedDataCache/Boot.ddc.
[2017.02.26-17.08.49:176][  0]LogDerivedDataCache:Display: Loaded Boot cache: C:/Users/Ben/AppData/Local/UnrealEngine/4.15/DerivedDataCache/Boot.ddc
[2017.02.26-17.08.49:176][  0]LogDerivedDataCache: FDerivedDataBackendGraph:  Pak pak cache file ../../../../../../Users/Ben/Documents/GitUnreal/uRTS/RTSToolkit/DerivedDataCache/DDC.ddp not found, will not use a pak cache.
[2017.02.26-17.08.49:176][  0]LogDerivedDataCache: Unable to find inner node Pak for hierarchical cache Hierarchy.
[2017.02.26-17.08.49:176][  0]LogDerivedDataCache: FDerivedDataBackendGraph:  CompressedPak pak cache file ../../../../../../Users/Ben/Documents/GitUnreal/uRTS/RTSToolkit/DerivedDataCache/Compressed.ddp not found, will not use a pak cache.
[2017.02.26-17.08.49:176][  0]LogDerivedDataCache: Unable to find inner node CompressedPak for hierarchical cache Hierarchy.
[2017.02.26-17.08.49:200][  0]LogDerivedDataCache:Display: Pak cache opened for reading ../../../Engine/DerivedDataCache/Compressed.ddp.
[2017.02.26-17.08.49:212][  0]LogDerivedDataCache: Using Local data cache path C:/Users/Ben/AppData/Local/UnrealEngine/Common/DerivedDataCache: Writable
[2017.02.26-17.08.49:247][  0]LogSlate: Using Freetype 2.6.0
[2017.02.26-17.08.49:264][  0]LogSlate: SlateFontCache - WITH_FREETYPE: 1, WITH_HARFBUZZ: 1
[2017.02.26-17.08.49:264][  0]LogSlate: SlateFontCache - WITH_FREETYPE: 1, WITH_HARFBUZZ: 1
[2017.02.26-17.08.51:708][  0]LogInit: Selected Device Profile: [Windows]
[2017.02.26-17.08.51:714][  0]LogContentStreaming: Texture pool size is 0.00 MB
[2017.02.26-17.08.51:957][  0]LogMeshUtilities: Using QuadricMeshReduction for automatic static mesh reduction
[2017.02.26-17.08.52:016][  0]LogSimplygon: Simplygon DLL not present - disabling.
[2017.02.26-17.08.52:062][  0]LogMeshUtilities: Using SimplygonSwarm for distributed automatic mesh merging
[2017.02.26-17.08.52:062][  0]LogMeshUtilities: No automatic skeletal mesh reduction module available
[2017.02.26-17.08.52:062][  0]LogMeshUtilities: No automatic mesh merging module available
[2017.02.26-17.08.53:226][  0]LogNetVersion: GetLocalNetworkVersion: CL: 3299760, ProjectName: rtstoolkit, ProjectVersion: , EngineNetworkVersion: 2, GameNetworkVersion: 0, NetworkChecksum: 4047643352
[2017.02.26-17.08.53:278][  0]LogAssetRegistry: FAssetRegistry took 0.0238 seconds to start up
[2017.02.26-17.08.53:330][  0]LogPackageLocalizationCache: Processed 3 localized package path(s) for 2 prioritized culture(s) in 0.028370 seconds
[2017.02.26-17.08.53:337][  0]LogUObjectArray: 32475 objects as part of root set at end of initial load.
[2017.02.26-17.08.53:337][  0]LogUObjectAllocator: 7073360 out of 0 bytes used by permanent object pool.
[2017.02.26-17.08.53:337][  0]LogUObjectArray: CloseDisregardForGC: 0/0 objects in disregard for GC pool
[2017.02.26-17.08.53:394][  0]LogInit: WinSock: version 1.1 (2.2), MaxSocks=32767, MaxUdp=65467
[2017.02.26-17.08.55:935][  0]LogTcpMessaging: Initializing TcpMessaging bridge
[2017.02.26-17.08.55:988][  0]LogUdpMessaging: Initializing bridge on interface 0.0.0.0:0 to multicast group 230.0.0.1:6666.
[2017.02.26-17.08.56:449][  0]LogMaterial: Uniform references updated for custom material expression Custom.
[2017.02.26-17.08.56:843][  0]SourceControl: Info Source control is disabled
[2017.02.26-17.08.56:928][  0]SourceControl: Info Source control is disabled
[2017.02.26-17.08.56:966][  0]SourceControl: Info Source control is disabled
[2017.02.26-17.08.57:003][  0]SourceControl: Info Source control is disabled
[2017.02.26-17.08.58:110][  0]LogEngine: Initializing Engine...
[2017.02.26-17.08.58:645][  0]LogHMD: Failed to initialize OpenVR with code 108
[2017.02.26-17.08.59:031][  0]LogAIModule: Creating AISystem for world Untitled
[2017.02.26-17.08.59:051][  0]LogInit: XAudio2 using 'Speakers (Realtek High Definition Audio)' : 2 channels at 48 kHz using 32 bits per sample (channel mask 0x3)
[2017.02.26-17.08.59:063][  0]LogInit: FAudioDevice initialized.
[2017.02.26-17.08.59:096][  0]LogDerivedDataCache: Saved boot cache 0.03s 60MB C:/Users/Ben/AppData/Local/UnrealEngine/4.15/DerivedDataCache/Boot.ddc.
[2017.02.26-17.08.59:108][  0]LogInit: Texture streaming: Enabled
[2017.02.26-17.08.59:194][  0]LogEngineSessionManager: EngineSessionManager initialized
[2017.02.26-17.08.59:279][  0]LogInit: Transaction tracking system initialized
[2017.02.26-17.08.59:622][  0]BlueprintLog: New page: Editor Load
[2017.02.26-17.09.00:351][  0]LocalizationService: Info Localization service is disabled
[2017.02.26-17.09.00:933][  0]LogConsoleResponse:Display: 
[2017.02.26-17.09.01:131][  0]LogCook:Display: Max memory allowance for cook 16384mb min free memory 0mb
[2017.02.26-17.09.01:131][  0]LogCook:Display: Mobile HDR setting 1
[2017.02.26-17.09.01:916][  0]LogFileCache: Scanning file cache for directory 'C:/Users/Ben/Documents/GitUnreal/uRTS/RTSToolkit/Content/' took 0.01s
[2017.02.26-17.09.01:961][  0]SourceControl: Info Source control is disabled
[2017.02.26-17.09.01:963][  0]Cmd: MAP LOAD FILE="../../../../../../Users/Ben/Documents/GitUnreal/uRTS/RTSToolkit/Content/Maps/RTS_Map.umap" TEMPLATE=0 SHOWPROGRESS=1 FEATURELEVEL=3
[2017.02.26-17.09.01:965][  0]LightingResults: New page: Lighting Build
[2017.02.26-17.09.02:003][  0]MapCheck: New page: Map Check
[2017.02.26-17.09.02:003][  0]LightingResults: New page: Lighting Build
[2017.02.26-17.09.03:044][  0]LogBlueprint:Warning: [Compiler Structure_Template] Warning  Clear Timer by Handle  is deprecated; Use Clear and Invalidate Timer by Handle. Note: you no longer need to reset your handle yourself after switching to the new function.
[2017.02.26-17.09.03:044][  0]LogBlueprint:Warning: [Compiler Structure_Template] Warning  Clear Timer by Handle  is deprecated; Use Clear and Invalidate Timer by Handle. Note: you no longer need to reset your handle yourself after switching to the new function.
[2017.02.26-17.09.03:088][  0]LogBlueprint:Warning: [Compiler Structure_Template] Warning [0023.21] Compile of Structure_Template successful, but with 2 Warning(s) [in 73 ms] (/Game/RTS/Structures/Structure_Template.Structure_Template)
[2017.02.26-17.09.03:088][  0]LogBlueprint:Warning: [Compiler Structure_Template] Warning [0023.21] Compile of Structure_Template successful, but with 3 Warning(s) [in 0 ms] (/Game/RTS/Structures/Structure_Template.Structure_Template)
[2017.02.26-17.09.03:088][  0]LogBlueprint:Warning: [Compiler Structure_Template] Warning [0023.21] Compile of Structure_Template successful, but with 4 Warning(s) [in 0 ms] (/Game/RTS/Structures/Structure_Template.Structure_Template)
[2017.02.26-17.09.04:310][  0]LogBlueprint:Warning: [Compiler Structure_Template] Warning  Clear Timer by Handle  is deprecated; Use Clear and Invalidate Timer by Handle. Note: you no longer need to reset your handle yourself after switching to the new function.
[2017.02.26-17.09.04:310][  0]LogBlueprint:Warning: [Compiler Structure_Template] Warning  Clear Timer by Handle  is deprecated; Use Clear and Invalidate Timer by Handle. Note: you no longer need to reset your handle yourself after switching to the new function.
[2017.02.26-17.09.04:351][  0]LogBlueprint:Warning: [Compiler Structure_Template] Warning [0024.48] Compile of Structure_Template successful, but with 2 Warning(s) [in 68 ms] (/Game/RTS/Structures/Structure_Template.Structure_Template)
[2017.02.26-17.09.04:351][  0]LogBlueprint:Warning: [Compiler Structure_Template] Warning [0024.48] Compile of Structure_Template successful, but with 3 Warning(s) [in 0 ms] (/Game/RTS/Structures/Structure_Template.Structure_Template)
[2017.02.26-17.09.04:359][  0]LogBlueprint:Warning: [Compiler Structure_Template] Warning [0024.49] Compile of Structure_Template successful, but with 4 Warning(s) [in 7 ms] (/Game/RTS/Structures/Structure_Template.Structure_Template)
[2017.02.26-17.09.06:407][  0]LogAIModule: Creating AISystem for world RTS_Map
[2017.02.26-17.09.06:411][  0]LogActorComponent: RegisterComponentWithWorld: (/Game/Maps/RTS_Map.RTS_Map:PersistentLevel.WorldSettings.StaticMeshComponent0) Trying to register component with IsPendingKill() == true. Aborting.
[2017.02.26-17.09.06:457][  0]LogEditorServer: Finished looking for orphan Actors (0.000 secs)
[2017.02.26-17.09.06:460][  0]Cmd: MAP CHECKDEP NOCLEARLOG
[2017.02.26-17.09.06:510][  0]MapCheck: Info Map check complete: 0 Error(s), 0 Warning(s), took 50.259ms to complete.
[2017.02.26-17.09.06:510][  0]LogFileHelpers: Loading map 'RTS_Map' took 4.548
[2017.02.26-17.09.06:742][  0]LogCollectionManager: Loaded 0 collections in 0.001124 seconds
[2017.02.26-17.09.06:828][  0]LogFileCache: Scanning file cache for directory 'C:/Users/Ben/Documents/GitUnreal/uRTS/RTSToolkit/Saved/Collections/' took 0.01s
[2017.02.26-17.09.06:828][  0]LogFileCache: Scanning file cache for directory 'C:/Users/Ben/Documents/GitUnreal/uRTS/RTSToolkit/Content/Developers/Ben/Collections/' took 0.01s
[2017.02.26-17.09.06:828][  0]LogFileCache: Scanning file cache for directory 'C:/Users/Ben/Documents/GitUnreal/uRTS/RTSToolkit/Content/Collections/' took 0.01s
[2017.02.26-17.09.06:828][  0]LogCollectionManager: Rebuilt the GUID cache for 0 collections in 0.000005 seconds
[2017.02.26-17.09.06:838][  0]LogContentBrowser: Native class hierarchy populated in 0.0090 seconds. Added 2244 classes and 450 folders.
[2017.02.26-17.09.06:844][  0]LogStats: UGameplayTagsManager::ConstructGameplayTagTree: Construct from data asset -  0.000 s
[2017.02.26-17.09.06:844][  0]LogStats: UGameplayTagsManager::ConstructGameplayTagTree: GameplayTagTreeChangedEvent.Broadcast -  0.000 s
[2017.02.26-17.09.06:891][  0]LogContentBrowser: Native class hierarchy updated for 'WidgetCarousel' in 0.0004 seconds. Added 0 classes and 0 folders.
[2017.02.26-17.09.07:138][  0]LogContentBrowser: Native class hierarchy updated for 'AddContentDialog' in 0.0004 seconds. Added 0 classes and 0 folders.
[2017.02.26-17.09.07:181][  0]LogContentBrowser: Native class hierarchy updated for 'SceneOutliner' in 0.0004 seconds. Added 1 classes and 2 folders.
[2017.02.26-17.09.07:247][  0]LogCrashTracker: Crashtracker disabled due to settings.
[2017.02.26-17.09.07:257][  0]LogUObjectGlobals:Warning: Failed to find object 'Class None.'
[2017.02.26-17.09.07:320][  0]LogContentBrowser: Native class hierarchy updated for 'HierarchicalLODOutliner' in 0.0004 seconds. Added 1 classes and 2 folders.
[2017.02.26-17.09.07:321][  0]LogLoad: (Engine Initialization) Total time: 27.45 seconds
[2017.02.26-17.09.07:321][  0]LogLoad: (Engine Initialization) Total Blueprint compile time: 2.11 seconds
[2017.02.26-17.09.07:321][  0]LogExternalProfiler: No external profilers were discovered.  External profiling features will not be available.
[2017.02.26-17.09.07:660][  0]LogOcInput: OculusInput pre-init called
[2017.02.26-17.09.07:708][  0]LogContentStreaming: Texture pool size now 1000 MB
[2017.02.26-17.09.07:716][  0]LogSlate: Took 0.004320 seconds to synchronously load lazily loaded font '../../../Engine/Content/Slate/Fonts/Roboto-Regular.ttf' (155K)
[2017.02.26-17.09.07:724][  0]LogSlate: Took 0.003850 seconds to synchronously load lazily loaded font '../../../Engine/Content/Slate/Fonts/Roboto-Bold.ttf' (160K)
[2017.02.26-17.09.07:733][  0]LogSlate: Took 0.004058 seconds to synchronously load lazily loaded font '../../../Engine/Content/Editor/Slate/Fonts/FontAwesome.ttf' (139K)
[2017.02.26-17.09.07:880][  0]LogSlate: Took 0.003490 seconds to synchronously load lazily loaded font '../../../Engine/Content/Slate/Fonts/Roboto-Light.ttf' (159K)
[2017.02.26-17.09.07:918][  0]LogRenderer: Reallocating scene render targets to support 1208x576 NumSamples 1 (Frame:2).
[2017.02.26-17.09.07:993][  1]LogFileCache: Retrieving MD5 hashes for directory 'C:/Users/Ben/Documents/GitUnreal/uRTS/RTSToolkit/Content/' took 0.33s
[2017.02.26-17.09.08:005][  1]LogAssetRegistry: Asset discovery search completed in 14.7499 seconds
[2017.02.26-17.09.08:006][  1]LogCollectionManager: Rebuilt the object cache for 0 collections in 0.000005 seconds (found 0 objects)
[2017.02.26-17.09.08:006][  1]LogCollectionManager: Fixed up redirectors for 0 collections in 0.000329 seconds (updated 0 objects)
[2017.02.26-17.09.38:851][413]LogEditorViewport: Clicking Background
[2017.02.26-17.10.30:502][548]LogSlate: Took 0.000235 seconds to synchronously load lazily loaded font '../../../Engine/Content/Slate/Fonts/Roboto-Light.ttf' (159K)
[2017.02.26-17.10.36:688][ 95]LightingResults: New page: Lighting Build
[2017.02.26-17.10.36:691][ 95]MapCheck: New page: Map Check
[2017.02.26-17.10.36:691][ 95]LightingResults: New page: Lighting Build
[2017.02.26-17.10.36:709][ 95]LogAIModule: Creating AISystem for world Untitled
[2017.02.26-17.10.36:712][ 95]LoadErrors: New page: New Map
[2017.02.26-17.10.36:807][105]LogEditorViewport: Clicking Background
[2017.02.26-17.11.22:768][837]LogRenderer: Reallocating scene render targets to support 1208x924 NumSamples 1 (Frame:9031).
[2017.02.26-17.11.47:556][800]LogEditorViewport: Clicking Background
[2017.02.26-17.12.14:795][978]LogContentBrowser: Native class hierarchy updated for 'BlueprintGraph' in 0.0008 seconds. Added 112 classes and 0 folders.
[2017.02.26-17.12.15:464][978]LogSlate: Took 0.000187 seconds to synchronously load lazily loaded font '../../../Engine/Content/Slate/Fonts/Roboto-Light.ttf' (159K)
[2017.02.26-17.12.15:468][978]LogSlate: Took 0.003670 seconds to synchronously load lazily loaded font '../../../Engine/Content/Editor/Slate/Fonts/Roboto-BoldCondensed.ttf' (158K)
[2017.02.26-17.12.31:587][637]LogMetaData: Removing '/Game/Maps/Menu.SKEL_Menu_C' ref from Metadata '/Game/Maps/NewWidgetBlueprint.PackageMetaData'
[2017.02.26-17.12.31:587][637]LogMetaData: Removing '/Game/Maps/Menu.Menu_C' ref from Metadata '/Game/Maps/NewWidgetBlueprint.PackageMetaData'
[2017.02.26-17.12.31:587][637]LogMetaData: Removing '/Game/Maps/Menu.Menu:EventGraph.K2Node_Event_0' ref from Metadata '/Game/Maps/NewWidgetBlueprint.PackageMetaData'
[2017.02.26-17.12.31:587][637]LogMetaData: Removing '/Game/Maps/Menu.Menu:EventGraph.K2Node_Event_1' ref from Metadata '/Game/Maps/NewWidgetBlueprint.PackageMetaData'
[2017.02.26-17.12.31:603][637]Cmd: OBJ SAVEPACKAGE PACKAGE="/Game/Maps/Menu" FILE="../../../../../../Users/Ben/Documents/GitUnreal/uRTS/RTSToolkit/Content/Maps/Menu.uasset" SILENT=true
[2017.02.26-17.12.31:611][637]LogSavePackage: Save=6.62ms
[2017.02.26-17.12.31:611][637]LogSavePackage: Moving '../../../../../../Users/Ben/Documents/GitUnreal/uRTS/RTSToolkit/Saved/Menu3EF069C24DC3D494A431498DDE91C314.tmp' to '../../../../../../Users/Ben/Documents/GitUnreal/uRTS/RTSToolkit/Content/Maps/Menu.uasset'
[2017.02.26-17.12.31:613][637]LogSavePackage:Display: Finished SavePackage ../../../../../../Users/Ben/Documents/GitUnreal/uRTS/RTSToolkit/Content/Maps/Menu.uasset
[2017.02.26-17.14.08:055][356]LogEditorTransaction: Undo Add Widget
[2017.02.26-17.15.12:863][875]BlueprintLog: New page: Compile Menu
[2017.02.26-17.17.54:425][897]BlueprintLog: New page: Compile Menu
[2017.02.26-17.17.55:669][ 32]Cmd: OBJ SAVEPACKAGE PACKAGE="/Game/Maps/Menu" FILE="../../../../../../Users/Ben/Documents/GitUnreal/uRTS/RTSToolkit/Content/Maps/Menu.uasset" SILENT=true
[2017.02.26-17.17.55:685][ 32]LogSavePackage: Save=10.39ms
[2017.02.26-17.17.55:685][ 32]LogSavePackage: Moving '../../../../../../Users/Ben/Documents/GitUnreal/uRTS/RTSToolkit/Saved/MenuA48539E54AAA97A4880132A9807B47B7.tmp' to '../../../../../../Users/Ben/Documents/GitUnreal/uRTS/RTSToolkit/Content/Maps/Menu.uasset'
[2017.02.26-17.17.55:687][ 32]LogSavePackage:Display: Finished SavePackage ../../../../../../Users/Ben/Documents/GitUnreal/uRTS/RTSToolkit/Content/Maps/Menu.uasset
[2017.02.26-17.18.47:874][541]LogEditorViewport: Clicking Background
[2017.02.26-17.19.31:287][549]LogEditorTransaction: Undo Add Node
[2017.02.26-17.20.18:574][198]LogSlate: Took 0.004664 seconds to synchronously load lazily loaded font '../../../Engine/Content/Editor/Slate/Fonts/Roboto-Italic.ttf' (157K)
[2017.02.26-17.21.32:996][778]BlueprintLog: New page: Compile Untitled
[2017.02.26-17.21.41:946][837]LogTemp: Repeting last play command: Selected Viewport
[2017.02.26-17.21.41:955][837]LogBlueprintUserMessages: Early PlayInEditor Detection: Level '/Temp/Untitled_1.Untitled:PersistentLevel' has LevelScriptBlueprint '/Temp/Untitled_1.Untitled:PersistentLevel.Untitled' with GeneratedClass '/Temp/Untitled_1.Untitled_C' with ClassGeneratedBy '/Temp/Untitled_1.Untitled:PersistentLevel.Untitled'
[2017.02.26-17.21.41:955][837]BlueprintLog: New page: Pre-Play auto-recompile
[2017.02.26-17.21.41:955][837]LogPlayLevel: [PlayLevel] Compiling Menu before play...
[2017.02.26-17.21.42:069][837]LogPlayLevel: PlayLevel: Blueprint regeneration took 112 ms (1 blueprints)
[2017.02.26-17.21.42:071][837]PIE: New page: PIE session: Untitled_1 (Feb 26, 2017, 7:21:42 AM)
[2017.02.26-17.21.42:071][837]LogPlayLevel: Creating play world package: /Temp/UEDPIE_0_Untitled_1
[2017.02.26-17.21.42:072][837]LogPlayLevel: PIE: StaticDuplicateObject took: (0.000982s)
[2017.02.26-17.21.42:073][837]LogAIModule: Creating AISystem for world Untitled
[2017.02.26-17.21.42:073][837]LogPlayLevel: PIE: World Init took: (0.000529s)
[2017.02.26-17.21.42:073][837]LogPlayLevel: PIE: Created PIE world by copying editor world from /Temp/Untitled_1.Untitled to /Temp/UEDPIE_0_Untitled_1.Untitled (0.001969s)
[2017.02.26-17.21.42:099][837]LogInit: XAudio2 using 'Speakers (Realtek High Definition Audio)' : 2 channels at 48 kHz using 32 bits per sample (channel mask 0x3)
[2017.02.26-17.21.42:109][837]LogInit: FAudioDevice initialized.
[2017.02.26-17.21.42:158][837]LogLoad: Game class is 'Game_RTS_C'
[2017.02.26-17.21.42:160][837]LogWorld: Bringing World /Temp/UEDPIE_0_Untitled_1.Untitled up for play (max tick rate 0) at 2017.02.26-12.21.42
[2017.02.26-17.21.42:161][837]LogWorld: Bringing up level for play took: 0.001186
[2017.02.26-17.21.42:197][837]LogContentBrowser: Native class hierarchy updated for 'MovieSceneCapture' in 0.0005 seconds. Added 11 classes and 0 folders.
[2017.02.26-17.21.42:198][837]LogGameMode:Display: Match State Changed from EnteringMap to WaitingToStart
[2017.02.26-17.21.42:198][837]LogGameState: Match State Changed from EnteringMap to WaitingToStart
[2017.02.26-17.21.42:198][837]LogGameMode:Display: Match State Changed from WaitingToStart to InProgress
[2017.02.26-17.21.42:207][837]LogGameState: Match State Changed from WaitingToStart to InProgress
[2017.02.26-17.21.42:207][837]PIE: Info Play in editor start time for /Temp/UEDPIE_0_Untitled_1 -0.281
[2017.02.26-17.21.42:207][837]LogBlueprintUserMessages: Late PlayInEditor Detection: Level '/Temp/Untitled_1.Untitled:PersistentLevel' has LevelScriptBlueprint '/Temp/Untitled_1.Untitled:PersistentLevel.Untitled' with GeneratedClass '/Temp/Untitled_1.Untitled_C' with ClassGeneratedBy '/Temp/Untitled_1.Untitled:PersistentLevel.Untitled'
[2017.02.26-17.21.45:186][186]LogGameMode:Display: Match State Changed from InProgress to LeavingMap
[2017.02.26-17.21.45:186][186]LogGameState: Match State Changed from InProgress to LeavingMap
[2017.02.26-17.21.45:186][186]LogNet: Browse: /Game/Maps/RTS_Map
[2017.02.26-17.21.45:186][186]LogLoad: LoadMap: /Game/Maps/RTS_Map
[2017.02.26-17.21.45:206][186]Cmd: MEM
[2017.02.26-17.21.45:229][186]LogMemory: Platform Memory Stats for Windows
[2017.02.26-17.21.45:229][186]LogMemory: Process Physical Memory: 1276.56 MB used, 1283.56 MB peak
[2017.02.26-17.21.45:229][186]LogMemory: Process Virtual Memory: 2351.07 MB used, 2358.54 MB peak
[2017.02.26-17.21.45:229][186]LogMemory: Physical Memory: 6733.52 MB used,  9602.13 MB free, 16335.65 MB total
[2017.02.26-17.21.45:229][186]LogMemory: Virtual Memory: 3102.91 MB used,  9602.13 MB free, 134217728.00 MB total
[2017.02.26-17.21.45:229][186]LogMemory: 
[2017.02.26-17.21.45:229][186]Allocator Stats for TBB: (not implemented)
[2017.02.26-17.21.46:095][186]LogAIModule: Creating AISystem for world RTS_Map
[2017.02.26-17.21.46:096][186]LogLoad: Game class is 'Game_RTS_C'
[2017.02.26-17.21.46:097][186]LogActorComponent: RegisterComponentWithWorld: (/Game/Maps/UEDPIE_0_RTS_Map.RTS_Map:PersistentLevel.WorldSettings.StaticMeshComponent0) Trying to register component with IsPendingKill() == true. Aborting.
[2017.02.26-17.21.46:116][186]LogWorld: Bringing World /Game/Maps/UEDPIE_0_RTS_Map.RTS_Map up for play (max tick rate 0) at 2017.02.26-12.21.46
[2017.02.26-17.21.46:120][186]LogWorld: Bringing up level for play took: 0.023164
[2017.02.26-17.21.46:120][186]LogGameMode:Display: Match State Changed from EnteringMap to WaitingToStart
[2017.02.26-17.21.46:120][186]LogGameState: Match State Changed from EnteringMap to WaitingToStart
[2017.02.26-17.21.46:120][186]LogGameMode:Display: Match State Changed from WaitingToStart to InProgress
[2017.02.26-17.21.46:318][186]LogGameState: Match State Changed from WaitingToStart to InProgress
[2017.02.26-17.21.46:318][186]LogLoad: Took 1.131533 seconds to LoadMap(/Game/Maps/RTS_Map)
[2017.02.26-17.22.11:913][400]LogBlueprintUserMessages: Early EndPlayMap Detection: Level '/Temp/Untitled_1.Untitled:PersistentLevel' has LevelScriptBlueprint '/Temp/Untitled_1.Untitled:PersistentLevel.Untitled' with GeneratedClass '/Temp/Untitled_1.Untitled_C' with ClassGeneratedBy '/Temp/Untitled_1.Untitled:PersistentLevel.Untitled'
[2017.02.26-17.22.11:966][400]LogBlueprintUserMessages: Late EndPlayMap Detection: Level '/Temp/Untitled_1.Untitled:PersistentLevel' has LevelScriptBlueprint '/Temp/Untitled_1.Untitled:PersistentLevel.Untitled' with GeneratedClass '/Temp/Untitled_1.Untitled_C' with ClassGeneratedBy '/Temp/Untitled_1.Untitled:PersistentLevel.Untitled'
[2017.02.26-17.22.17:643][ 75]LogTemp: Repeting last play command: Selected Viewport
[2017.02.26-17.22.17:655][ 75]LogBlueprintUserMessages: Early PlayInEditor Detection: Level '/Temp/Untitled_1.Untitled:PersistentLevel' has LevelScriptBlueprint '/Temp/Untitled_1.Untitled:PersistentLevel.Untitled' with GeneratedClass '/Temp/Untitled_1.Untitled_C' with ClassGeneratedBy '/Temp/Untitled_1.Untitled:PersistentLevel.Untitled'
[2017.02.26-17.22.17:655][ 75]LogPlayLevel: PlayLevel: No blueprints needed recompiling
[2017.02.26-17.22.17:655][ 75]PIE: New page: PIE session: Untitled_1 (Feb 26, 2017, 7:22:17 AM)
[2017.02.26-17.22.17:655][ 75]LogPlayLevel: Creating play world package: /Temp/UEDPIE_0_Untitled_1
[2017.02.26-17.22.17:656][ 75]LogPlayLevel: PIE: StaticDuplicateObject took: (0.000842s)
[2017.02.26-17.22.17:657][ 75]LogAIModule: Creating AISystem for world Untitled
[2017.02.26-17.22.17:657][ 75]LogPlayLevel: PIE: World Init took: (0.000634s)
[2017.02.26-17.22.17:657][ 75]LogPlayLevel: PIE: Created PIE world by copying editor world from /Temp/Untitled_1.Untitled to /Temp/UEDPIE_0_Untitled_1.Untitled (0.001664s)
[2017.02.26-17.22.17:678][ 75]LogInit: XAudio2 using 'Speakers (Realtek High Definition Audio)' : 2 channels at 48 kHz using 32 bits per sample (channel mask 0x3)
[2017.02.26-17.22.17:688][ 75]LogInit: FAudioDevice initialized.
[2017.02.26-17.22.17:721][ 75]LogLoad: Game class is 'Game_RTS_C'
[2017.02.26-17.22.17:722][ 75]LogWorld: Bringing World /Temp/UEDPIE_0_Untitled_1.Untitled up for play (max tick rate 0) at 2017.02.26-12.22.17
[2017.02.26-17.22.17:722][ 75]LogWorld: Bringing up level for play took: 0.000530
[2017.02.26-17.22.17:723][ 75]LogGameMode:Display: Match State Changed from EnteringMap to WaitingToStart
[2017.02.26-17.22.17:723][ 75]LogGameState: Match State Changed from EnteringMap to WaitingToStart
[2017.02.26-17.22.17:723][ 75]LogGameMode:Display: Match State Changed from WaitingToStart to InProgress
[2017.02.26-17.22.17:727][ 75]LogGameState: Match State Changed from WaitingToStart to InProgress
[2017.02.26-17.22.17:727][ 75]PIE: Info Play in editor start time for /Temp/UEDPIE_0_Untitled_1 -0.761
[2017.02.26-17.22.17:727][ 75]LogBlueprintUserMessages: Late PlayInEditor Detection: Level '/Temp/Untitled_1.Untitled:PersistentLevel' has LevelScriptBlueprint '/Temp/Untitled_1.Untitled:PersistentLevel.Untitled' with GeneratedClass '/Temp/Untitled_1.Untitled_C' with ClassGeneratedBy '/Temp/Untitled_1.Untitled:PersistentLevel.Untitled'
[2017.02.26-17.22.19:307][263]LogBlueprintUserMessages: Early EndPlayMap Detection: Level '/Temp/Untitled_1.Untitled:PersistentLevel' has LevelScriptBlueprint '/Temp/Untitled_1.Untitled:PersistentLevel.Untitled' with GeneratedClass '/Temp/Untitled_1.Untitled_C' with ClassGeneratedBy '/Temp/Untitled_1.Untitled:PersistentLevel.Untitled'
[2017.02.26-17.22.19:340][263]LogBlueprintUserMessages: Late EndPlayMap Detection: Level '/Temp/Untitled_1.Untitled:PersistentLevel' has LevelScriptBlueprint '/Temp/Untitled_1.Untitled:PersistentLevel.Untitled' with GeneratedClass '/Temp/Untitled_1.Untitled_C' with ClassGeneratedBy '/Temp/Untitled_1.Untitled:PersistentLevel.Untitled'
[2017.02.26-17.22.21:797][555]LogTemp: Repeting last play command: Selected Viewport
[2017.02.26-17.22.21:805][555]LogBlueprintUserMessages: Early PlayInEditor Detection: Level '/Temp/Untitled_1.Untitled:PersistentLevel' has LevelScriptBlueprint '/Temp/Untitled_1.Untitled:PersistentLevel.Untitled' with GeneratedClass '/Temp/Untitled_1.Untitled_C' with ClassGeneratedBy '/Temp/Untitled_1.Untitled:PersistentLevel.Untitled'
[2017.02.26-17.22.21:805][555]LogPlayLevel: PlayLevel: No blueprints needed recompiling
[2017.02.26-17.22.21:805][555]PIE: New page: PIE session: Untitled_1 (Feb 26, 2017, 7:22:21 AM)
[2017.02.26-17.22.21:805][555]LogPlayLevel: Creating play world package: /Temp/UEDPIE_0_Untitled_1
[2017.02.26-17.22.21:806][555]LogPlayLevel: PIE: StaticDuplicateObject took: (0.000772s)
[2017.02.26-17.22.21:806][555]LogAIModule: Creating AISystem for world Untitled
[2017.02.26-17.22.21:806][555]LogPlayLevel: PIE: World Init took: (0.000612s)
[2017.02.26-17.22.21:806][555]LogPlayLevel: PIE: Created PIE world by copying editor world from /Temp/Untitled_1.Untitled to /Temp/UEDPIE_0_Untitled_1.Untitled (0.001604s)
[2017.02.26-17.22.21:832][555]LogInit: XAudio2 using 'Speakers (Realtek High Definition Audio)' : 2 channels at 48 kHz using 32 bits per sample (channel mask 0x3)
[2017.02.26-17.22.21:840][555]LogInit: FAudioDevice initialized.
[2017.02.26-17.22.21:874][555]LogLoad: Game class is 'Game_RTS_C'
[2017.02.26-17.22.21:875][555]LogWorld: Bringing World /Temp/UEDPIE_0_Untitled_1.Untitled up for play (max tick rate 0) at 2017.02.26-12.22.21
[2017.02.26-17.22.21:875][555]LogWorld: Bringing up level for play took: 0.000676
[2017.02.26-17.22.21:876][555]LogGameMode:Display: Match State Changed from EnteringMap to WaitingToStart
[2017.02.26-17.22.21:876][555]LogGameState: Match State Changed from EnteringMap to WaitingToStart
[2017.02.26-17.22.21:876][555]LogGameMode:Display: Match State Changed from WaitingToStart to InProgress
[2017.02.26-17.22.21:881][555]LogGameState: Match State Changed from WaitingToStart to InProgress
[2017.02.26-17.22.21:881][555]PIE: Info Play in editor start time for /Temp/UEDPIE_0_Untitled_1 -0.607
[2017.02.26-17.22.21:881][555]LogBlueprintUserMessages: Late PlayInEditor Detection: Level '/Temp/Untitled_1.Untitled:PersistentLevel' has LevelScriptBlueprint '/Temp/Untitled_1.Untitled:PersistentLevel.Untitled' with GeneratedClass '/Temp/Untitled_1.Untitled_C' with ClassGeneratedBy '/Temp/Untitled_1.Untitled:PersistentLevel.Untitled'
[2017.02.26-17.22.22:406][617]LogGameMode:Display: Match State Changed from InProgress to LeavingMap
[2017.02.26-17.22.22:406][617]LogGameState: Match State Changed from InProgress to LeavingMap
[2017.02.26-17.22.22:406][617]LogNet: Browse: /Game/Maps/RTS_Map
[2017.02.26-17.22.22:406][617]LogLoad: LoadMap: /Game/Maps/RTS_Map
[2017.02.26-17.22.22:425][617]Cmd: MEM
[2017.02.26-17.22.22:442][617]LogMemory: Platform Memory Stats for Windows
[2017.02.26-17.22.22:442][617]LogMemory: Process Physical Memory: 1418.68 MB used, 1418.69 MB peak
[2017.02.26-17.22.22:442][617]LogMemory: Process Virtual Memory: 2487.45 MB used, 2551.27 MB peak
[2017.02.26-17.22.22:442][617]LogMemory: Physical Memory: 6827.10 MB used,  9508.55 MB free, 16335.65 MB total
[2017.02.26-17.22.22:442][617]LogMemory: Virtual Memory: 3254.66 MB used,  9508.55 MB free, 134217728.00 MB total
[2017.02.26-17.22.22:442][617]LogMemory: 
[2017.02.26-17.22.22:442][617]Allocator Stats for TBB: (not implemented)
[2017.02.26-17.22.23:083][617]LogAIModule: Creating AISystem for world RTS_Map
[2017.02.26-17.22.23:083][617]LogLoad: Game class is 'Game_RTS_C'
[2017.02.26-17.22.23:084][617]LogActorComponent: RegisterComponentWithWorld: (/Game/Maps/UEDPIE_0_RTS_Map.RTS_Map:PersistentLevel.WorldSettings.StaticMeshComponent0) Trying to register component with IsPendingKill() == true. Aborting.
[2017.02.26-17.22.23:101][617]LogWorld: Bringing World /Game/Maps/UEDPIE_0_RTS_Map.RTS_Map up for play (max tick rate 0) at 2017.02.26-12.22.23
[2017.02.26-17.22.23:104][617]LogWorld: Bringing up level for play took: 0.019734
[2017.02.26-17.22.23:104][617]LogGameMode:Display: Match State Changed from EnteringMap to WaitingToStart
[2017.02.26-17.22.23:104][617]LogGameState: Match State Changed from EnteringMap to WaitingToStart
[2017.02.26-17.22.23:104][617]LogGameMode:Display: Match State Changed from WaitingToStart to InProgress
[2017.02.26-17.22.23:279][617]LogGameState: Match State Changed from WaitingToStart to InProgress
[2017.02.26-17.22.23:279][617]LogLoad: Took 0.872778 seconds to LoadMap(/Game/Maps/RTS_Map)
[2017.02.26-17.22.26:315][920]LogBlueprintUserMessages: Early EndPlayMap Detection: Level '/Temp/Untitled_1.Untitled:PersistentLevel' has LevelScriptBlueprint '/Temp/Untitled_1.Untitled:PersistentLevel.Untitled' with GeneratedClass '/Temp/Untitled_1.Untitled_C' with ClassGeneratedBy '/Temp/Untitled_1.Untitled:PersistentLevel.Untitled'
[2017.02.26-17.22.26:362][920]LogBlueprintUserMessages: Late EndPlayMap Detection: Level '/Temp/Untitled_1.Untitled:PersistentLevel' has LevelScriptBlueprint '/Temp/Untitled_1.Untitled:PersistentLevel.Untitled' with GeneratedClass '/Temp/Untitled_1.Untitled_C' with ClassGeneratedBy '/Temp/Untitled_1.Untitled:PersistentLevel.Untitled'
[2017.02.26-17.22.32:252][548]LogAIModule: Creating AISystem for world RTS_Map
[2017.02.26-17.22.32:253][548]LogActorComponent: RegisterComponentWithWorld: (/Game/Maps/RTS_Map.RTS_Map:PersistentLevel.WorldSettings.StaticMeshComponent0) Trying to register component with IsPendingKill() == true. Aborting.
[2017.02.26-17.22.40:442][548]Cmd: OBJ SAVEPACKAGE PACKAGE="/Game/Maps/Menu" FILE="../../../../../../Users/Ben/Documents/GitUnreal/uRTS/RTSToolkit/Content/Maps/Menu.uasset" SILENT=true
[2017.02.26-17.22.40:454][548]LogSavePackage: Save=10.04ms
[2017.02.26-17.22.40:454][548]LogSavePackage: Moving '../../../../../../Users/Ben/Documents/GitUnreal/uRTS/RTSToolkit/Saved/MenuD4D465D14214CB08CCAEEBB627B7FCE7.tmp' to '../../../../../../Users/Ben/Documents/GitUnreal/uRTS/RTSToolkit/Content/Maps/Menu.uasset'
[2017.02.26-17.22.40:455][548]LogSavePackage:Display: Finished SavePackage ../../../../../../Users/Ben/Documents/GitUnreal/uRTS/RTSToolkit/Content/Maps/Menu.uasset
[2017.02.26-17.22.40:455][548]Cmd: OBJ SAVEPACKAGE PACKAGE="/Game/Maps/NewWidgetBlueprint" FILE="../../../../../../Users/Ben/Documents/GitUnreal/uRTS/RTSToolkit/Content/Maps/NewWidgetBlueprint.uasset" SILENT=true
[2017.02.26-17.22.40:459][548]LogSavePackage: Save=2.89ms
[2017.02.26-17.22.40:459][548]LogSavePackage: Moving '../../../../../../Users/Ben/Documents/GitUnreal/uRTS/RTSToolkit/Saved/NewWidgetBlueprintFD1169C246334D1D5C8B10AB3D2D2BFB.tmp' to '../../../../../../Users/Ben/Documents/GitUnreal/uRTS/RTSToolkit/Content/Maps/NewWidgetBlueprint.uasset'
[2017.02.26-17.22.40:461][548]LogSavePackage:Display: Finished SavePackage ../../../../../../Users/Ben/Documents/GitUnreal/uRTS/RTSToolkit/Content/Maps/NewWidgetBlueprint.uasset
[2017.02.26-17.23.01:854][548]LogStats: FPlatformStackWalk::StackWalkAndDump -  0.105 s
[2017.02.26-17.23.01:854][548]LogOutputDevice:Error: === Handled ensure: ===
[2017.02.26-17.23.01:854][548]LogOutputDevice:Error: 
[2017.02.26-17.23.01:854][548]LogOutputDevice:Error: Ensure condition failed: FPackageName::TryConvertFilenameToLongPackageName(DefaultLocation / FinalPackageFilename, DefaultPackagePath) [File:D:\Build\++UE4+Release-4.15+Compile\Sync\Engine\Source\Editor\UnrealEd\Private\FileHelpers.cpp] [Line: 2611]
[2017.02.26-17.23.01:854][548]LogOutputDevice:Error: 
[2017.02.26-17.23.01:854][548]LogOutputDevice:Error: Stack: 
[2017.02.26-17.23.01:854][548]LogOutputDevice:Error: UE4Editor-Core.dll!0x00000000001A95D6
[2017.02.26-17.23.01:854][548]LogOutputDevice:Error: UE4Editor-Core.dll!0x00000000FFF59B72
[2017.02.26-17.23.01:854][548]LogOutputDevice:Error: UE4Editor-Core.dll!0x00000000FFF6B656
[2017.02.26-17.23.01:854][548]LogOutputDevice:Error: UE4Editor-UnrealEd.dll!0x00000000FB15EE0E
[2017.02.26-17.23.01:854][548]LogOutputDevice:Error: UE4Editor-UnrealEd.dll!0x00000000FB18DF94
[2017.02.26-17.23.01:854][548]LogOutputDevice:Error: UE4Editor-UnrealEd.dll!0x00000000FB15FEB8
[2017.02.26-17.23.01:854][548]LogOutputDevice:Error: UE4Editor-UnrealEd.dll!0x00000000FB19B7D3
[2017.02.26-17.23.01:854][548]LogOutputDevice:Error: UE4Editor-AssetTools.dll!0x00000000EF47DBB5
[2017.02.26-17.23.01:854][548]LogOutputDevice:Error: UE4Editor-UnrealEd.dll!0x00000000FB68E4F3
[2017.02.26-17.23.01:854][548]LogOutputDevice:Error: UE4Editor-AssetTools.dll!0x00000000EF41E08A
[2017.02.26-17.23.01:854][548]LogOutputDevice:Error: UE4Editor-ContentBrowser.dll!0x00000000EE657548
[2017.02.26-17.23.01:854][548]LogOutputDevice:Error: UE4Editor-ContentBrowser.dll!0x00000000EE60AA27
[2017.02.26-17.23.01:854][548]LogOutputDevice:Error: UE4Editor-ContentBrowser.dll!0x00000000EE610947
[2017.02.26-17.23.01:854][548]LogOutputDevice:Error: UE4Editor-ContentBrowser.dll!0x00000000EE60D201
[2017.02.26-17.23.01:854][548]LogOutputDevice:Error: UE4Editor-ContentBrowser.dll!0x00000000EE661189
[2017.02.26-17.23.01:854][548]LogOutputDevice:Error: UE4Editor-ContentBrowser.dll!0x00000000EE609031
[2017.02.26-17.23.01:854][548]LogOutputDevice:Error: UE4Editor-ContentBrowser.dll!0x00000000EE60F7DF
[2017.02.26-17.23.01:854][548]LogOutputDevice:Error: UE4Editor-ContentBrowser.dll!0x00000000EE60D34A
[2017.02.26-17.23.01:854][548]LogOutputDevice:Error: UE4Editor-ContentBrowser.dll!0x00000000EE670880
[2017.02.26-17.23.01:854][548]LogOutputDevice:Error: UE4Editor-ContentBrowser.dll!0x00000000EE6613EA
[2017.02.26-17.23.01:854][548]LogOutputDevice:Error: UE4Editor-Slate.dll!0x00000000FC324A7E
[2017.02.26-17.23.01:854][548]LogOutputDevice:Error: UE4Editor-Slate.dll!0x00000000FC2F444E
[2017.02.26-17.23.01:854][548]LogOutputDevice:Error: UE4Editor-Slate.dll!0x00000000FC3958E4
[2017.02.26-17.23.01:854][548]LogOutputDevice:Error: UE4Editor-Slate.dll!0x00000000FC380435
[2017.02.26-17.23.01:854][548]LogOutputDevice:Error: UE4Editor-Slate.dll!0x00000000FC36F7B9
[2017.02.26-17.23.01:854][548]LogOutputDevice:Error: UE4Editor-Core.dll!0x000000000019CD97
[2017.02.26-17.23.01:854][548]LogOutputDevice:Error: UE4Editor-Core.dll!0x00000000001867B1
[2017.02.26-17.23.01:854][548]LogOutputDevice:Error: UE4Editor-Core.dll!0x000000000019EA0C
[2017.02.26-17.23.01:854][548]LogOutputDevice:Error: UE4Editor-Core.dll!0x00000000001826D9
[2017.02.26-17.23.01:854][548]LogOutputDevice:Error: USER32.dll!0x0000000030181C24
[2017.02.26-17.23.01:854][548]LogOutputDevice:Error: USER32.dll!0x000000003018156C
[2017.02.26-17.23.01:854][548]LogOutputDevice:Error: UE4Editor-Core.dll!0x000000000019F316
[2017.02.26-17.23.01:854][548]LogOutputDevice:Error: UE4Editor.exe!0x0000000086CED790
[2017.02.26-17.23.01:854][548]LogOutputDevice:Error: UE4Editor.exe!0x0000000086CDEB40
[2017.02.26-17.23.01:854][548]LogOutputDevice:Error: UE4Editor.exe!0x0000000086CDEBBA
[2017.02.26-17.23.01:854][548]LogOutputDevice:Error: UE4Editor.exe!0x0000000086CF0A29
[2017.02.26-17.23.01:854][548]LogOutputDevice:Error: UE4Editor.exe!0x0000000086CF22B6
[2017.02.26-17.23.01:854][548]LogOutputDevice:Error: KERNEL32.DLL!0x00000000300C8364
[2017.02.26-17.23.01:854][548]LogOutputDevice:Error: ntdll.dll!0x00000000318570D1
[2017.02.26-17.23.01:854][548]LogOutputDevice:Error: 
[2017.02.26-17.23.01:858][548]LogStats:                SubmitErrorReport -  0.000 s
[2017.02.26-17.23.02:121][548]LogStats:                    SendNewReport -  0.264 s
[2017.02.26-17.23.02:121][548]LogStats:             FDebug::EnsureFailed -  0.372 s
[2017.02.26-17.23.10:458][548]Cmd: OBJ SAVEPACKAGE PACKAGE="/Game/Maps/Main_Menu" FILE="../../../../../../Users/Ben/Documents/GitUnreal/uRTS/RTSToolkit/Content/Maps/Main_Menu.umap" SILENT=true AUTOSAVING=false KEEPDIRTY=false
[2017.02.26-17.23.10:560][548]LogSlate: Took 0.000122 seconds to synchronously load lazily loaded font '../../../Engine/Content/Slate/Fonts/Roboto-Regular.ttf' (155K)
[2017.02.26-17.23.10:580][548]LogSavePackage: Save=104.17ms
[2017.02.26-17.23.10:580][548]LogSavePackage: Moving '../../../../../../Users/Ben/Documents/GitUnreal/uRTS/RTSToolkit/Saved/Main_MenuB16CFDA24224DA8485B49197E1D1B671.tmp' to '../../../../../../Users/Ben/Documents/GitUnreal/uRTS/RTSToolkit/Content/Maps/Main_Menu.umap'
[2017.02.26-17.23.10:582][548]LogSavePackage:Display: Finished SavePackage ../../../../../../Users/Ben/Documents/GitUnreal/uRTS/RTSToolkit/Content/Maps/Main_Menu.umap
[2017.02.26-17.23.10:598][548]LogFileHelpers: Saving map 'Main_Menu' took 0.347
[2017.02.26-17.23.10:600][548]Cmd: MAP LOAD FILE="../../../../../../Users/Ben/Documents/GitUnreal/uRTS/RTSToolkit/Content/Maps/RTS_Map.umap" TEMPLATE=0 SHOWPROGRESS=1 FEATURELEVEL=3
[2017.02.26-17.23.10:600][548]LightingResults: New page: Lighting Build
[2017.02.26-17.23.10:601][548]LoadErrors: New page: Loading map: RTS_Map.umap
[2017.02.26-17.23.10:627][548]MapCheck: New page: Map Check
[2017.02.26-17.23.10:627][548]LightingResults: New page: Lighting Build
[2017.02.26-17.23.10:672][548]LogEditorServer: Finished looking for orphan Actors (0.000 secs)
[2017.02.26-17.23.10:686][548]Cmd: MAP CHECKDEP NOCLEARLOG
[2017.02.26-17.23.10:736][548]MapCheck: Info Map check complete: 0 Error(s), 0 Warning(s), took 49.936ms to complete.
[2017.02.26-17.23.10:736][548]LogFileHelpers: Loading map 'RTS_Map' took 0.138
[2017.02.26-17.23.19:677][612]LogAIModule: Creating AISystem for world Main_Menu
[2017.02.26-17.23.19:697][612]Cmd: MAP LOAD FILE="../../../../../../Users/Ben/Documents/GitUnreal/uRTS/RTSToolkit/Content/Maps/Main_Menu.umap" TEMPLATE=0 SHOWPROGRESS=1 FEATURELEVEL=3
[2017.02.26-17.23.19:697][612]LightingResults: New page: Lighting Build
[2017.02.26-17.23.19:699][612]LoadErrors: New page: Loading map: Main_Menu.umap
[2017.02.26-17.23.19:701][612]MapCheck: New page: Map Check
[2017.02.26-17.23.19:701][612]LightingResults: New page: Lighting Build
[2017.02.26-17.23.19:727][612]LogEditorServer: Finished looking for orphan Actors (0.000 secs)
[2017.02.26-17.23.19:742][612]Cmd: MAP CHECKDEP NOCLEARLOG
[2017.02.26-17.23.19:796][612]MapCheck: Info Map check complete: 0 Error(s), 0 Warning(s), took 53.434ms to complete.
[2017.02.26-17.23.19:796][612]LogFileHelpers: Loading map 'Main_Menu' took 0.099
[2017.02.26-17.23.26:467][410]LogTemp: Repeting last play command: Selected Viewport
[2017.02.26-17.23.26:477][410]LogBlueprintUserMessages: Early PlayInEditor Detection: Level '/Game/Maps/Main_Menu.Main_Menu:PersistentLevel' has LevelScriptBlueprint '/Game/Maps/Main_Menu.Main_Menu:PersistentLevel.Main_Menu' with GeneratedClass '/Game/Maps/Main_Menu.Main_Menu_C' with ClassGeneratedBy '/Game/Maps/Main_Menu.Main_Menu:PersistentLevel.Main_Menu'
[2017.02.26-17.23.26:477][410]LogPlayLevel: PlayLevel: No blueprints needed recompiling
[2017.02.26-17.23.26:477][410]PIE: New page: PIE session: Main_Menu (Feb 26, 2017, 7:23:26 AM)
[2017.02.26-17.23.26:478][410]LogPlayLevel: Creating play world package: /Game/Maps/UEDPIE_0_Main_Menu
[2017.02.26-17.23.26:478][410]LogPlayLevel: PIE: StaticDuplicateObject took: (0.000780s)
[2017.02.26-17.23.26:479][410]LogAIModule: Creating AISystem for world Main_Menu
[2017.02.26-17.23.26:479][410]LogPlayLevel: PIE: World Init took: (0.000431s)
[2017.02.26-17.23.26:479][410]LogPlayLevel: PIE: Created PIE world by copying editor world from /Game/Maps/Main_Menu.Main_Menu to /Game/Maps/UEDPIE_0_Main_Menu.Main_Menu (0.001385s)
[2017.02.26-17.23.26:501][410]LogInit: XAudio2 using 'Speakers (Realtek High Definition Audio)' : 2 channels at 48 kHz using 32 bits per sample (channel mask 0x3)
[2017.02.26-17.23.26:508][410]LogInit: FAudioDevice initialized.
[2017.02.26-17.23.26:536][410]LogLoad: Game class is 'Game_RTS_C'
[2017.02.26-17.23.26:538][410]LogWorld: Bringing World /Game/Maps/UEDPIE_0_Main_Menu.Main_Menu up for play (max tick rate 0) at 2017.02.26-12.23.26
[2017.02.26-17.23.26:538][410]LogWorld: Bringing up level for play took: 0.000668
[2017.02.26-17.23.26:538][410]LogGameMode:Display: Match State Changed from EnteringMap to WaitingToStart
[2017.02.26-17.23.26:538][410]LogGameState: Match State Changed from EnteringMap to WaitingToStart
[2017.02.26-17.23.26:538][410]LogGameMode:Display: Match State Changed from WaitingToStart to InProgress
[2017.02.26-17.23.26:542][410]LogGameState: Match State Changed from WaitingToStart to InProgress
[2017.02.26-17.23.26:542][410]PIE: Info Play in editor start time for /Game/Maps/UEDPIE_0_Main_Menu 0.055
[2017.02.26-17.23.26:543][410]LogBlueprintUserMessages: Late PlayInEditor Detection: Level '/Game/Maps/Main_Menu.Main_Menu:PersistentLevel' has LevelScriptBlueprint '/Game/Maps/Main_Menu.Main_Menu:PersistentLevel.Main_Menu' with GeneratedClass '/Game/Maps/Main_Menu.Main_Menu_C' with ClassGeneratedBy '/Game/Maps/Main_Menu.Main_Menu:PersistentLevel.Main_Menu'
[2017.02.26-17.23.27:281][497]LogGameMode:Display: Match State Changed from InProgress to LeavingMap
[2017.02.26-17.23.27:281][497]LogGameState: Match State Changed from InProgress to LeavingMap
[2017.02.26-17.23.27:281][497]LogNet: Browse: /Game/Maps/RTS_Map
[2017.02.26-17.23.27:281][497]LogLoad: LoadMap: /Game/Maps/RTS_Map
[2017.02.26-17.23.27:301][497]Cmd: MEM
[2017.02.26-17.23.27:315][497]LogMemory: Platform Memory Stats for Windows
[2017.02.26-17.23.27:315][497]LogMemory: Process Physical Memory: 1437.61 MB used, 1449.51 MB peak
[2017.02.26-17.23.27:315][497]LogMemory: Process Virtual Memory: 2456.83 MB used, 2581.87 MB peak
[2017.02.26-17.23.27:315][497]LogMemory: Physical Memory: 6853.65 MB used,  9482.00 MB free, 16335.65 MB total
[2017.02.26-17.23.27:315][497]LogMemory: Virtual Memory: 3220.63 MB used,  9482.00 MB free, 134217728.00 MB total
[2017.02.26-17.23.27:315][497]LogMemory: 
[2017.02.26-17.23.27:315][497]Allocator Stats for TBB: (not implemented)
[2017.02.26-17.23.27:951][497]LogAIModule: Creating AISystem for world RTS_Map
[2017.02.26-17.23.27:951][497]LogLoad: Game class is 'Game_RTS_C'
[2017.02.26-17.23.27:952][497]LogActorComponent: RegisterComponentWithWorld: (/Game/Maps/UEDPIE_0_RTS_Map.RTS_Map:PersistentLevel.WorldSettings.StaticMeshComponent0) Trying to register component with IsPendingKill() == true. Aborting.
[2017.02.26-17.23.27:969][497]LogWorld: Bringing World /Game/Maps/UEDPIE_0_RTS_Map.RTS_Map up for play (max tick rate 0) at 2017.02.26-12.23.27
[2017.02.26-17.23.27:972][497]LogWorld: Bringing up level for play took: 0.019939
[2017.02.26-17.23.27:972][497]LogGameMode:Display: Match State Changed from EnteringMap to WaitingToStart
[2017.02.26-17.23.27:972][497]LogGameState: Match State Changed from EnteringMap to WaitingToStart
[2017.02.26-17.23.27:972][497]LogGameMode:Display: Match State Changed from WaitingToStart to InProgress
[2017.02.26-17.23.28:147][497]LogGameState: Match State Changed from WaitingToStart to InProgress
[2017.02.26-17.23.28:147][497]LogLoad: Took 0.865703 seconds to LoadMap(/Game/Maps/RTS_Map)
[2017.02.26-17.23.29:991][674]LogBlueprintUserMessages: Early EndPlayMap Detection: Level '/Game/Maps/Main_Menu.Main_Menu:PersistentLevel' has LevelScriptBlueprint '/Game/Maps/Main_Menu.Main_Menu:PersistentLevel.Main_Menu' with GeneratedClass '/Game/Maps/Main_Menu.Main_Menu_C' with ClassGeneratedBy '/Game/Maps/Main_Menu.Main_Menu:PersistentLevel.Main_Menu'
[2017.02.26-17.23.30:037][674]LogBlueprintUserMessages: Late EndPlayMap Detection: Level '/Game/Maps/Main_Menu.Main_Menu:PersistentLevel' has LevelScriptBlueprint '/Game/Maps/Main_Menu.Main_Menu:PersistentLevel.Main_Menu' with GeneratedClass '/Game/Maps/Main_Menu.Main_Menu_C' with ClassGeneratedBy '/Game/Maps/Main_Menu.Main_Menu:PersistentLevel.Main_Menu'
[2017.02.26-17.23.33:739][ 38]LogAIModule: Creating AISystem for world RTS_Map
[2017.02.26-17.23.33:740][ 38]LogActorComponent: RegisterComponentWithWorld: (/Game/Maps/RTS_Map.RTS_Map:PersistentLevel.WorldSettings.StaticMeshComponent0) Trying to register component with IsPendingKill() == true. Aborting.
[2017.02.26-17.23.33:788][ 38]Cmd: MAP LOAD FILE="../../../../../../Users/Ben/Documents/GitUnreal/uRTS/RTSToolkit/Content/Maps/RTS_Map.umap" TEMPLATE=0 SHOWPROGRESS=1 FEATURELEVEL=3
[2017.02.26-17.23.33:788][ 38]LightingResults: New page: Lighting Build
[2017.02.26-17.23.33:789][ 38]LoadErrors: New page: Loading map: RTS_Map.umap
[2017.02.26-17.23.33:789][ 38]MapCheck: New page: Map Check
[2017.02.26-17.23.33:789][ 38]LightingResults: New page: Lighting Build
[2017.02.26-17.23.33:831][ 38]LogEditorServer: Finished looking for orphan Actors (0.000 secs)
[2017.02.26-17.23.33:838][ 38]Cmd: MAP CHECKDEP NOCLEARLOG
[2017.02.26-17.23.33:892][ 38]MapCheck: Info Map check complete: 0 Error(s), 0 Warning(s), took 54.06ms to complete.
[2017.02.26-17.23.33:892][ 38]LogFileHelpers: Loading map 'RTS_Map' took 0.105
[2017.02.26-17.29.42:455][256]LogEditorTransaction: Undo Add New Function
