Log file open, 02/26/17 12:29:50
LogInit:Display: Running engine for game: RTSToolkit
LogPlatformFile: Not using cached read wrapper
LogInit:Display: RandInit(-1977848843) SRandInit(-1977848843).
LogTaskGraph: Started task graph with 5 named threads and 8 total threads with 1 sets of task threads.
LogStats: Stats thread started at 0.069872
LogInit: Using libcurl 7.47.1
LogInit:  - built for x86_64-pc-win32
LogInit:  - supports SSL with OpenSSL/1.0.2g
LogInit:  - supports HTTP deflate (compression) using libz 1.2.8
LogInit:  - other features:
LogInit:      CURL_VERSION_SSL
LogInit:      CURL_VERSION_LIBZ
LogInit:      CURL_VERSION_IPV6
LogInit:      CURL_VERSION_ASYNCHDNS
LogInit:      CURL_VERSION_LARGEFILE
LogInit:      CURL_VERSION_IDN
LogInit:  CurlRequestOptions (configurable via config and command line):
LogInit:  - bVerifyPeer = false  - Libcurl will NOT verify peer certificate
LogInit:  - bUseHttpProxy = false  - Libcurl will NOT use HTTP proxy
LogInit:  - bDontReuseConnections = false  - Libcurl will reuse connections
LogInit:  - CertBundlePath = nullptr  - Libcurl will use whatever was configured at build time.
LogInit: Build: ++UE4+Release-4.15-CL-3299760
LogInit: Engine Version: 4.15.0-3299760+++UE4+Release-4.15
LogInit: Compatible Engine Version: 4.15.0-3299760+++UE4+Release-4.15
LogInit: Net CL: 3299760
LogDevObjectVersion: Number of dev versions registered: 14
LogDevObjectVersion:   Dev-Blueprints (B0D832E4-1F89-4F0D-ACCF-7EB736FD4AA2): 8
LogDevObjectVersion:   Dev-Build (E1C64328-A22C-4D53-A36C-8E866417BD8C): 0
LogDevObjectVersion:   Dev-Core (375EC13C-06E4-48FB-B500-84F0262A717E): 2
LogDevObjectVersion:   Dev-Editor (E4B068ED-F494-42E9-A231-DA0B2E46BB41): 14
LogDevObjectVersion:   Dev-Framework (CFFC743F-43B0-4480-9391-14DF171D2073): 22
LogDevObjectVersion:   Dev-Mobile (B02B49B5-BB20-44E9-A304-32B752E40360): 0
LogDevObjectVersion:   Dev-Networking (A4E4105C-59A1-49B5-A7C5-40C4547EDFEE): 0
LogDevObjectVersion:   Dev-Online (39C831C9-5AE6-47DC-9A44-9C173E1C8E7C): 0
LogDevObjectVersion:   Dev-Physics (78F01B33-EBEA-4F98-B9B4-84EACCB95AA2): 0
LogDevObjectVersion:   Dev-Platform (6631380F-2D4D-43E0-8009-CF276956A95A): 0
LogDevObjectVersion:   Dev-Rendering (12F88B9F-8875-4AFC-A67C-D90C383ABD29): 12
LogDevObjectVersion:   Dev-Sequencer (7B5AE74C-D270-4C10-A958-57980B212A5A): 3
LogDevObjectVersion:   Dev-VR (D7296918-1DD6-4BDD-9DE2-64A83CC13884): 0
LogDevObjectVersion:   Dev-LoadTimes (C2A15278-BFE7-4AFE-6C17-90FF531DF755): 1
LogInit: Compiled (64-bit): Feb 14 2017 02:04:14
LogInit: Compiled with Visual C++: 19.00.23026.00
LogInit: Build Configuration: Development
LogInit: Branch Name: ++UE4+Release-4.15
LogInit: Command line: 
LogInit: Base directory: C:/Program Files (x86)/Epic Games/4.15/Engine/Binaries/Win64/
LogInit: Installed Engine Build: 1
LogInit: Presizing for max 8388607 objects, including 0 objects not considered by GC, pre-allocating 0 bytes for permanent pool.
LogInit: Object subsystem initialized
[2017.02.26-17.29.51:492][  0]LogInit: Selected Device Profile: [Windows]
[2017.02.26-17.29.51:492][  0]LogInit: Applying CVar settings loaded from the selected device profile: [Windows]
[2017.02.26-17.29.51:502][  0]LogInit: Computer: RAPTOR
[2017.02.26-17.29.51:502][  0]LogInit: User: Ben
[2017.02.26-17.29.51:502][  0]LogInit: CPU Page size=65536, Cores=4
[2017.02.26-17.29.51:502][  0]LogInit: High frequency timer resolution =3.906242 MHz
[2017.02.26-17.29.51:502][  0]LogMemory: Memory total: Physical=16.0GB (16GB approx)
[2017.02.26-17.29.51:502][  0]LogMemory: Platform Memory Stats for Windows
[2017.02.26-17.29.51:502][  0]LogMemory: Process Physical Memory: 262.84 MB used, 262.84 MB peak
[2017.02.26-17.29.51:502][  0]LogMemory: Process Virtual Memory: 262.54 MB used, 262.54 MB peak
[2017.02.26-17.29.51:502][  0]LogMemory: Physical Memory: 5733.32 MB used,  10602.33 MB free, 16335.65 MB total
[2017.02.26-17.29.51:502][  0]LogMemory: Virtual Memory: 643.97 MB used,  10602.33 MB free, 134217728.00 MB total
[2017.02.26-17.29.51:567][  0]LogTextLocalizationManager: No specific translations for ('en-US') exist, so ('en') translations will be used.
[2017.02.26-17.29.52:110][  0]LogD3D11RHI: D3D11 adapters:
[2017.02.26-17.29.52:135][  0]LogD3D11RHI:    0. 'NVIDIA GeForce GTX 980 Ti' (Feature Level 11_0)
[2017.02.26-17.29.52:135][  0]LogD3D11RHI:       6102/0/8167 MB DedicatedVideo/DedicatedSystem/SharedSystem, Outputs:2, VendorId:0x10de
[2017.02.26-17.29.52:136][  0]LogD3D11RHI:    1. 'Microsoft Basic Render Driver' (Feature Level 11_0)
[2017.02.26-17.29.52:136][  0]LogD3D11RHI:       0/0/8167 MB DedicatedVideo/DedicatedSystem/SharedSystem, Outputs:0, VendorId:0x1414
[2017.02.26-17.29.52:136][  0]LogD3D11RHI: Chosen D3D11 Adapter: 0
[2017.02.26-17.29.52:142][  0]LogD3D11RHI: Creating new Direct3DDevice
[2017.02.26-17.29.52:142][  0]LogD3D11RHI:     GPU DeviceId: 0x17c8 (for the marketing name, search the web for "GPU Device Id")
[2017.02.26-17.29.52:142][  0]LogWindows: EnumDisplayDevices:
[2017.02.26-17.29.52:142][  0]LogWindows:    0. 'NVIDIA GeForce GTX 980 Ti' (P:0 D:1)
[2017.02.26-17.29.52:142][  0]LogWindows:    1. 'NVIDIA GeForce GTX 980 Ti' (P:1 D:1)
[2017.02.26-17.29.52:142][  0]LogWindows:    2. 'NVIDIA GeForce GTX 980 Ti' (P:0 D:0)
[2017.02.26-17.29.52:142][  0]LogWindows:    3. 'NVIDIA GeForce GTX 980 Ti' (P:0 D:0)
[2017.02.26-17.29.52:142][  0]LogWindows: DebugString: FoundDriverCount:4 
[2017.02.26-17.29.52:142][  0]LogD3D11RHI:     Adapter Name: NVIDIA GeForce GTX 980 Ti
[2017.02.26-17.29.52:142][  0]LogD3D11RHI:   Driver Version: 376.53 (internal:21.21.13.7653, unified:376.53)
[2017.02.26-17.29.52:142][  0]LogD3D11RHI:      Driver Date: 12-29-2016
[2017.02.26-17.29.52:142][  0]LogRHI: Texture pool is 1361 MB (70% of 1945 MB)
[2017.02.26-17.29.52:155][  0]LogD3D11RHI: Async texture creation enabled
[2017.02.26-17.29.52:165][  0]LogD3D11RHI: GPU Timing Frequency: 1000.000000 (Debug: 2 1)
[2017.02.26-17.29.52:260][  0]LogShaderCompilers: Guid format shader working directory is -20 characters bigger than the processId version (../../../../../../Users/Ben/Documents/GitUnreal/uRTS/RTSToolkit/Intermediate/Shaders/WorkingDirectory/27032/).
[2017.02.26-17.29.52:260][  0]LogShaderCompilers: Cleaned the shader compiler working directory 'C:/Users/Ben/AppData/Local/Temp/UnrealShaderWorkingDir/A3E40177458BA4A7343BABB503D706A0/'.
[2017.02.26-17.29.52:260][  0]LogShaderCompilers:Display: Using Local Shader Compiler.
[2017.02.26-17.29.53:104][  0]LogTemp:Display: Loaded TP AllDesktopTargetPlatform
[2017.02.26-17.29.53:148][  0]LogTemp:Display: Loaded TP MacClientTargetPlatform
[2017.02.26-17.29.53:191][  0]LogTemp:Display: Loaded TP MacNoEditorTargetPlatform
[2017.02.26-17.29.53:236][  0]LogTemp:Display: Loaded TP MacServerTargetPlatform
[2017.02.26-17.29.53:278][  0]LogTemp:Display: Loaded TP MacTargetPlatform
[2017.02.26-17.29.53:322][  0]LogTemp:Display: Loaded TP WindowsClientTargetPlatform
[2017.02.26-17.29.53:366][  0]LogTemp:Display: Loaded TP WindowsNoEditorTargetPlatform
[2017.02.26-17.29.53:409][  0]LogTemp:Display: Loaded TP WindowsServerTargetPlatform
[2017.02.26-17.29.53:448][  0]LogTemp:Display: Loaded TP WindowsTargetPlatform
[2017.02.26-17.29.53:494][  0]LogTemp:Display: Loaded TP AndroidTargetPlatform
[2017.02.26-17.29.53:539][  0]LogTemp:Display: Loaded TP Android_ASTCTargetPlatform
[2017.02.26-17.29.53:583][  0]LogTemp:Display: Loaded TP Android_ATCTargetPlatform
[2017.02.26-17.29.53:627][  0]LogTemp:Display: Loaded TP Android_DXTTargetPlatform
[2017.02.26-17.29.53:672][  0]LogTemp:Display: Loaded TP Android_ETC1TargetPlatform
[2017.02.26-17.29.53:723][  0]LogTemp:Display: Loaded TP Android_ETC2TargetPlatform
[2017.02.26-17.29.53:820][  0]LogTemp:Display: Loaded TP Android_MultiTargetPlatform
[2017.02.26-17.29.53:820][  0]LogTemp:Display: Loaded TP Android_PVRTCTargetPlatform
[2017.02.26-17.29.53:852][  0]LogTemp:Display: Loaded TP HTML5TargetPlatform
[2017.02.26-17.29.53:934][  0]LogTemp:Display: Loaded TP IOSTargetPlatform
[2017.02.26-17.29.53:961][  0]LogTemp:Display: Loaded TP TVOSTargetPlatform
[2017.02.26-17.29.54:004][  0]LogTemp:Display: Loaded TP LinuxClientTargetPlatform
[2017.02.26-17.29.54:048][  0]LogTemp:Display: Loaded TP LinuxNoEditorTargetPlatform
[2017.02.26-17.29.54:089][  0]LogTemp:Display: Loaded TP LinuxServerTargetPlatform
[2017.02.26-17.29.54:130][  0]LogTemp:Display: Loaded TP LinuxTargetPlatform
[2017.02.26-17.29.54:130][  0]LogTargetPlatformManager:Display: Building Assets For Windows
[2017.02.26-17.29.54:477][  0]LogDerivedDataCache:Display: Max Cache Size: 512 MB
[2017.02.26-17.29.54:531][  0]LogDerivedDataCache: Loaded boot cache 0.05s 60MB C:/Users/Ben/AppData/Local/UnrealEngine/4.15/DerivedDataCache/Boot.ddc.
[2017.02.26-17.29.54:531][  0]LogDerivedDataCache:Display: Loaded Boot cache: C:/Users/Ben/AppData/Local/UnrealEngine/4.15/DerivedDataCache/Boot.ddc
[2017.02.26-17.29.54:531][  0]LogDerivedDataCache: FDerivedDataBackendGraph:  Pak pak cache file ../../../../../../Users/Ben/Documents/GitUnreal/uRTS/RTSToolkit/DerivedDataCache/DDC.ddp not found, will not use a pak cache.
[2017.02.26-17.29.54:531][  0]LogDerivedDataCache: Unable to find inner node Pak for hierarchical cache Hierarchy.
[2017.02.26-17.29.54:531][  0]LogDerivedDataCache: FDerivedDataBackendGraph:  CompressedPak pak cache file ../../../../../../Users/Ben/Documents/GitUnreal/uRTS/RTSToolkit/DerivedDataCache/Compressed.ddp not found, will not use a pak cache.
[2017.02.26-17.29.54:531][  0]LogDerivedDataCache: Unable to find inner node CompressedPak for hierarchical cache Hierarchy.
[2017.02.26-17.29.54:550][  0]LogDerivedDataCache:Display: Pak cache opened for reading ../../../Engine/DerivedDataCache/Compressed.ddp.
[2017.02.26-17.29.54:562][  0]LogDerivedDataCache: Using Local data cache path C:/Users/Ben/AppData/Local/UnrealEngine/Common/DerivedDataCache: Writable
[2017.02.26-17.29.54:570][  0]LogSlate: Using Freetype 2.6.0
[2017.02.26-17.29.54:571][  0]LogSlate: SlateFontCache - WITH_FREETYPE: 1, WITH_HARFBUZZ: 1
[2017.02.26-17.29.54:571][  0]LogSlate: SlateFontCache - WITH_FREETYPE: 1, WITH_HARFBUZZ: 1
[2017.02.26-17.29.54:778][  0]LogInit: Selected Device Profile: [Windows]
[2017.02.26-17.29.54:780][  0]LogContentStreaming: Texture pool size is 0.00 MB
[2017.02.26-17.29.54:943][  0]LogMeshUtilities: Using QuadricMeshReduction for automatic static mesh reduction
[2017.02.26-17.29.54:977][  0]LogSimplygon: Simplygon DLL not present - disabling.
[2017.02.26-17.29.55:012][  0]LogMeshUtilities: Using SimplygonSwarm for distributed automatic mesh merging
[2017.02.26-17.29.55:012][  0]LogMeshUtilities: No automatic skeletal mesh reduction module available
[2017.02.26-17.29.55:012][  0]LogMeshUtilities: No automatic mesh merging module available
[2017.02.26-17.29.55:470][  0]LogNetVersion: GetLocalNetworkVersion: CL: 3299760, ProjectName: rtstoolkit, ProjectVersion: , EngineNetworkVersion: 2, GameNetworkVersion: 0, NetworkChecksum: 4047643352
[2017.02.26-17.29.55:510][  0]LogAssetRegistry: FAssetRegistry took 0.0213 seconds to start up
[2017.02.26-17.29.55:554][  0]LogPackageLocalizationCache: Processed 3 localized package path(s) for 2 prioritized culture(s) in 0.027966 seconds
[2017.02.26-17.29.55:558][  0]LogUObjectArray: 32475 objects as part of root set at end of initial load.
[2017.02.26-17.29.55:558][  0]LogUObjectAllocator: 7073368 out of 0 bytes used by permanent object pool.
[2017.02.26-17.29.55:558][  0]LogUObjectArray: CloseDisregardForGC: 0/0 objects in disregard for GC pool
[2017.02.26-17.29.55:603][  0]LogInit: WinSock: version 1.1 (2.2), MaxSocks=32767, MaxUdp=65467
[2017.02.26-17.29.56:825][  0]LogTcpMessaging: Initializing TcpMessaging bridge
[2017.02.26-17.29.56:856][  0]LogUdpMessaging: Initializing bridge on interface 0.0.0.0:0 to multicast group 230.0.0.1:6666.
[2017.02.26-17.29.57:234][  0]LogMaterial: Uniform references updated for custom material expression Custom.
[2017.02.26-17.29.57:530][  0]SourceControl: Info Source control is disabled
[2017.02.26-17.29.57:558][  0]SourceControl: Info Source control is disabled
[2017.02.26-17.29.57:601][  0]SourceControl: Info Source control is disabled
[2017.02.26-17.29.57:635][  0]SourceControl: Info Source control is disabled
[2017.02.26-17.29.58:570][  0]LogEngine: Initializing Engine...
[2017.02.26-17.29.58:822][  0]LogHMD: Failed to initialize OpenVR with code 108
[2017.02.26-17.29.59:029][  0]LogAIModule: Creating AISystem for world Untitled
[2017.02.26-17.29.59:042][  0]LogInit: XAudio2 using 'Speakers (Realtek High Definition Audio)' : 2 channels at 48 kHz using 32 bits per sample (channel mask 0x3)
[2017.02.26-17.29.59:057][  0]LogInit: FAudioDevice initialized.
[2017.02.26-17.29.59:092][  0]LogDerivedDataCache: Saved boot cache 0.04s 60MB C:/Users/Ben/AppData/Local/UnrealEngine/4.15/DerivedDataCache/Boot.ddc.
[2017.02.26-17.29.59:102][  0]LogInit: Texture streaming: Enabled
[2017.02.26-17.29.59:177][  0]LogEngineSessionManager: EngineSessionManager initialized
[2017.02.26-17.29.59:179][  0]LogEngineSessionManager: EngineSessionManager sent abnormal shutdown report. Type=Crashed, SessionId={6FFBE25F-4DCB-4C12-4B91-538AF2099722}
[2017.02.26-17.29.59:253][  0]LogInit: Transaction tracking system initialized
[2017.02.26-17.29.59:511][  0]BlueprintLog: New page: Editor Load
[2017.02.26-17.30.00:162][  0]LocalizationService: Info Localization service is disabled
[2017.02.26-17.30.00:668][  0]LogConsoleResponse:Display: 
[2017.02.26-17.30.00:771][  0]LogCook:Display: Max memory allowance for cook 16384mb min free memory 0mb
[2017.02.26-17.30.00:772][  0]LogCook:Display: Mobile HDR setting 1
[2017.02.26-17.30.01:032][  0]LogFileCache: Scanning file cache for directory 'C:/Users/Ben/Documents/GitUnreal/uRTS/RTSToolkit/Content/' took 0.01s
[2017.02.26-17.30.01:545][  0]SourceControl: Info Source control is disabled
[2017.02.26-17.30.01:545][  0]Cmd: MAP LOAD FILE="../../../../../../Users/Ben/Documents/GitUnreal/uRTS/RTSToolkit/Content/Maps/RTS_Map.umap" TEMPLATE=0 SHOWPROGRESS=1 FEATURELEVEL=3
[2017.02.26-17.30.01:545][  0]LightingResults: New page: Lighting Build
[2017.02.26-17.30.01:575][  0]MapCheck: New page: Map Check
[2017.02.26-17.30.01:575][  0]LightingResults: New page: Lighting Build
[2017.02.26-17.30.02:524][  0]LogBlueprint:Warning: [Compiler Structure_Template] Warning  Clear Timer by Handle  is deprecated; Use Clear and Invalidate Timer by Handle. Note: you no longer need to reset your handle yourself after switching to the new function.
[2017.02.26-17.30.02:524][  0]LogBlueprint:Warning: [Compiler Structure_Template] Warning  Clear Timer by Handle  is deprecated; Use Clear and Invalidate Timer by Handle. Note: you no longer need to reset your handle yourself after switching to the new function.
[2017.02.26-17.30.02:572][  0]LogBlueprint:Warning: [Compiler Structure_Template] Warning [0012.53] Compile of Structure_Template successful, but with 2 Warning(s) [in 75 ms] (/Game/RTS/Structures/Structure_Template.Structure_Template)
[2017.02.26-17.30.02:572][  0]LogBlueprint:Warning: [Compiler Structure_Template] Warning [0012.53] Compile of Structure_Template successful, but with 3 Warning(s) [in 0 ms] (/Game/RTS/Structures/Structure_Template.Structure_Template)
[2017.02.26-17.30.02:573][  0]LogBlueprint:Warning: [Compiler Structure_Template] Warning [0012.53] Compile of Structure_Template successful, but with 4 Warning(s) [in 0 ms] (/Game/RTS/Structures/Structure_Template.Structure_Template)
[2017.02.26-17.30.03:812][  0]LogBlueprint:Warning: [Compiler Structure_Template] Warning  Clear Timer by Handle  is deprecated; Use Clear and Invalidate Timer by Handle. Note: you no longer need to reset your handle yourself after switching to the new function.
[2017.02.26-17.30.03:812][  0]LogBlueprint:Warning: [Compiler Structure_Template] Warning  Clear Timer by Handle  is deprecated; Use Clear and Invalidate Timer by Handle. Note: you no longer need to reset your handle yourself after switching to the new function.
[2017.02.26-17.30.03:858][  0]LogBlueprint:Warning: [Compiler Structure_Template] Warning [0013.81] Compile of Structure_Template successful, but with 2 Warning(s) [in 71 ms] (/Game/RTS/Structures/Structure_Template.Structure_Template)
[2017.02.26-17.30.03:858][  0]LogBlueprint:Warning: [Compiler Structure_Template] Warning [0013.81] Compile of Structure_Template successful, but with 3 Warning(s) [in 0 ms] (/Game/RTS/Structures/Structure_Template.Structure_Template)
[2017.02.26-17.30.03:867][  0]LogBlueprint:Warning: [Compiler Structure_Template] Warning [0013.82] Compile of Structure_Template successful, but with 4 Warning(s) [in 8 ms] (/Game/RTS/Structures/Structure_Template.Structure_Template)
[2017.02.26-17.30.05:651][  0]LogAIModule: Creating AISystem for world RTS_Map
[2017.02.26-17.30.05:652][  0]LogActorComponent: RegisterComponentWithWorld: (/Game/Maps/RTS_Map.RTS_Map:PersistentLevel.WorldSettings.StaticMeshComponent0) Trying to register component with IsPendingKill() == true. Aborting.
[2017.02.26-17.30.05:682][  0]LogEditorServer: Finished looking for orphan Actors (0.000 secs)
[2017.02.26-17.30.05:683][  0]Cmd: MAP CHECKDEP NOCLEARLOG
[2017.02.26-17.30.05:732][  0]MapCheck: Info Map check complete: 0 Error(s), 0 Warning(s), took 48.925ms to complete.
[2017.02.26-17.30.05:732][  0]LogFileHelpers: Loading map 'RTS_Map' took 4.187
[2017.02.26-17.30.05:801][  0]LogWindowsTextInputMethodSystem:Display: IME system now deactivated.
[2017.02.26-17.30.05:906][  0]LogCollectionManager: Loaded 0 collections in 0.001345 seconds
[2017.02.26-17.30.05:977][  0]LogFileCache: Scanning file cache for directory 'C:/Users/Ben/Documents/GitUnreal/uRTS/RTSToolkit/Saved/Collections/' took 0.01s
[2017.02.26-17.30.05:977][  0]LogFileCache: Scanning file cache for directory 'C:/Users/Ben/Documents/GitUnreal/uRTS/RTSToolkit/Content/Developers/Ben/Collections/' took 0.01s
[2017.02.26-17.30.05:977][  0]LogFileCache: Scanning file cache for directory 'C:/Users/Ben/Documents/GitUnreal/uRTS/RTSToolkit/Content/Collections/' took 0.01s
[2017.02.26-17.30.05:977][  0]LogCollectionManager: Rebuilt the GUID cache for 0 collections in 0.000002 seconds
[2017.02.26-17.30.05:984][  0]LogContentBrowser: Native class hierarchy populated in 0.0072 seconds. Added 2244 classes and 450 folders.
[2017.02.26-17.30.05:987][  0]LogStats: UGameplayTagsManager::ConstructGameplayTagTree: Construct from data asset -  0.000 s
[2017.02.26-17.30.05:987][  0]LogStats: UGameplayTagsManager::ConstructGameplayTagTree: GameplayTagTreeChangedEvent.Broadcast -  0.000 s
[2017.02.26-17.30.06:033][  0]LogContentBrowser: Native class hierarchy updated for 'WidgetCarousel' in 0.0004 seconds. Added 0 classes and 0 folders.
[2017.02.26-17.30.06:062][  0]LogContentBrowser: Native class hierarchy updated for 'AddContentDialog' in 0.0004 seconds. Added 0 classes and 0 folders.
[2017.02.26-17.30.06:095][  0]LogContentBrowser: Native class hierarchy updated for 'SceneOutliner' in 0.0005 seconds. Added 1 classes and 2 folders.
[2017.02.26-17.30.06:132][  0]LogCrashTracker: Crashtracker disabled due to settings.
[2017.02.26-17.30.06:138][  0]LogUObjectGlobals:Warning: Failed to find object 'Class None.'
[2017.02.26-17.30.06:193][  0]LogContentBrowser: Native class hierarchy updated for 'HierarchicalLODOutliner' in 0.0004 seconds. Added 1 classes and 2 folders.
[2017.02.26-17.30.06:193][  0]LogLoad: (Engine Initialization) Total time: 16.15 seconds
[2017.02.26-17.30.06:193][  0]LogLoad: (Engine Initialization) Total Blueprint compile time: 2.05 seconds
[2017.02.26-17.30.06:193][  0]LogExternalProfiler: No external profilers were discovered.  External profiling features will not be available.
[2017.02.26-17.30.06:203][  0]LogOcInput: OculusInput pre-init called
[2017.02.26-17.30.06:218][  0]LogAssetRegistry: Asset discovery search completed in 10.7296 seconds
[2017.02.26-17.30.06:218][  0]LogCollectionManager: Rebuilt the object cache for 0 collections in 0.000003 seconds (found 0 objects)
[2017.02.26-17.30.06:218][  0]LogCollectionManager: Fixed up redirectors for 0 collections in 0.000027 seconds (updated 0 objects)
[2017.02.26-17.30.06:222][  0]LogContentStreaming: Texture pool size now 1000 MB
[2017.02.26-17.30.06:237][  0]LogSlate: Took 0.000161 seconds to synchronously load lazily loaded font '../../../Engine/Content/Slate/Fonts/Roboto-Regular.ttf' (155K)
[2017.02.26-17.30.06:242][  0]LogSlate: Took 0.000178 seconds to synchronously load lazily loaded font '../../../Engine/Content/Slate/Fonts/Roboto-Bold.ttf' (160K)
[2017.02.26-17.30.06:246][  0]LogSlate: Took 0.000112 seconds to synchronously load lazily loaded font '../../../Engine/Content/Editor/Slate/Fonts/FontAwesome.ttf' (139K)
[2017.02.26-17.30.06:341][  0]LogSlate: Took 0.000221 seconds to synchronously load lazily loaded font '../../../Engine/Content/Slate/Fonts/Roboto-Light.ttf' (159K)
[2017.02.26-17.30.06:376][  0]LogRenderer: Reallocating scene render targets to support 1208x576 NumSamples 1 (Frame:2).
[2017.02.26-17.30.07:220][ 91]LogSlate: Took 0.000189 seconds to synchronously load lazily loaded font '../../../Engine/Content/Slate/Fonts/Roboto-Light.ttf' (159K)
[2017.02.26-17.33.36:324][225]LogSlate: Took 0.000128 seconds to synchronously load lazily loaded font '../../../Engine/Content/Slate/Fonts/Roboto-Light.ttf' (159K)
[2017.02.26-17.33.36:698][225]LogContentBrowser: Native class hierarchy updated for 'BlueprintGraph' in 0.0008 seconds. Added 112 classes and 0 folders.
[2017.02.26-17.33.37:329][225]LogSlate: Took 0.000197 seconds to synchronously load lazily loaded font '../../../Engine/Content/Editor/Slate/Fonts/Roboto-BoldCondensed.ttf' (158K)
[2017.02.26-17.36.12:541][690]BlueprintLog: New page: Compile Pause_Menu
[2017.02.26-17.41.41:602][567]LogFileHelpers: Editor autosave (incl. sublevels) for '/Game/Maps/RTS_Map' took 0.026
[2017.02.26-17.41.41:605][567]OBJ SavePackage: Generating thumbnails for [0] asset(s) in package [/Game/Maps/Pause_Menu] ([1] browsable assets)...
[2017.02.26-17.41.41:605][567]OBJ SavePackage: Finished generating thumbnails for package [/Game/Maps/Pause_Menu]
[2017.02.26-17.41.41:605][567]Cmd: OBJ SAVEPACKAGE PACKAGE="/Game/Maps/Pause_Menu" FILE="../../../../../../Users/Ben/Documents/GitUnreal/uRTS/RTSToolkit/Saved/Autosaves/Game/Maps/Pause_Menu_Auto1.uasset" SILENT=false AUTOSAVING=true
[2017.02.26-17.41.41:620][567]LogSavePackage: Save=13.88ms
[2017.02.26-17.41.41:620][567]LogSavePackage: Moving '../../../../../../Users/Ben/Documents/GitUnreal/uRTS/RTSToolkit/Saved/Pause_Menu_Auto1C3718A2F4A95EBA34B6A65B2CCCDAF3E.tmp' to '../../../../../../Users/Ben/Documents/GitUnreal/uRTS/RTSToolkit/Saved/Autosaves/Game/Maps/Pause_Menu_Auto1.uasset'
[2017.02.26-17.41.41:621][567]LogSavePackage:Display: Finished SavePackage ../../../../../../Users/Ben/Documents/GitUnreal/uRTS/RTSToolkit/Saved/Autosaves/Game/Maps/Pause_Menu_Auto1.uasset
[2017.02.26-17.41.41:621][567]LogFileHelpers: Auto-saving content packages took 0.018
[2017.02.26-17.42.06:121][890]LogSlate: Took 0.000175 seconds to synchronously load lazily loaded font '../../../Engine/Content/Editor/Slate/Fonts/Roboto-Italic.ttf' (157K)
[2017.02.26-17.42.54:302][226]BlueprintLog: New page: Compile Pause_Menu
[2017.02.26-17.42.55:458][321]Cmd: OBJ SAVEPACKAGE PACKAGE="/Game/Maps/Pause_Menu" FILE="../../../../../../Users/Ben/Documents/GitUnreal/uRTS/RTSToolkit/Content/Maps/Pause_Menu.uasset" SILENT=true
[2017.02.26-17.42.55:477][321]LogSavePackage: Save=15.60ms
[2017.02.26-17.42.55:477][321]LogSavePackage: Moving '../../../../../../Users/Ben/Documents/GitUnreal/uRTS/RTSToolkit/Saved/Pause_Menu50FB7D9F4AF661D95EAF0A9092AF0F66.tmp' to '../../../../../../Users/Ben/Documents/GitUnreal/uRTS/RTSToolkit/Content/Maps/Pause_Menu.uasset'
[2017.02.26-17.42.55:482][321]LogSavePackage:Display: Finished SavePackage ../../../../../../Users/Ben/Documents/GitUnreal/uRTS/RTSToolkit/Content/Maps/Pause_Menu.uasset
[2017.02.26-17.43.38:176][309]Cmd: MAP LOAD FILE="../../../../../../Users/Ben/Documents/GitUnreal/uRTS/RTSToolkit/Content/Maps/RTS_Map.umap" TEMPLATE=0 SHOWPROGRESS=1 FEATURELEVEL=3
[2017.02.26-17.43.38:176][309]LightingResults: New page: Lighting Build
[2017.02.26-17.43.38:177][309]LoadErrors: New page: Loading map: RTS_Map.umap
[2017.02.26-17.43.38:180][309]MapCheck: New page: Map Check
[2017.02.26-17.43.38:180][309]LightingResults: New page: Lighting Build
[2017.02.26-17.43.38:565][309]LogAIModule: Creating AISystem for world RTS_Map
[2017.02.26-17.43.38:566][309]LogActorComponent: RegisterComponentWithWorld: (/Game/Maps/RTS_Map.RTS_Map:PersistentLevel.WorldSettings.StaticMeshComponent0) Trying to register component with IsPendingKill() == true. Aborting.
[2017.02.26-17.43.38:589][309]LogEditorServer: Finished looking for orphan Actors (0.000 secs)
[2017.02.26-17.43.38:601][309]Cmd: MAP CHECKDEP NOCLEARLOG
[2017.02.26-17.43.38:652][309]MapCheck: Info Map check complete: 0 Error(s), 0 Warning(s), took 50.719ms to complete.
[2017.02.26-17.43.38:652][309]LogFileHelpers: Loading map 'RTS_Map' took 0.477
[2017.02.26-17.44.59:394][930]LogSlate:Warning: Prevented a slow task dialog from being summoned while a context menu was open
[2017.02.26-17.44.59:605][930]LogMaterial: Missing cached shader map for material GridMaterial, compiling. 
[2017.02.26-17.44.59:608][930]LogTemp:Display: Added material ShaderMap 0x000001E46019B200 with Material 0x000001E408AA7880 to ShaderMapsBeingCompiled
[2017.02.26-17.44.59:631][930]LogTemp:Display: Kicking off shader compilation for GridMaterial, GameThreadShaderMap 0x000001E46019B200
[2017.02.26-17.44.59:641][930]LogMaterial: Missing cached shader map for material PersonaFloorMat, compiling. 
[2017.02.26-17.44.59:642][930]LogTemp:Display: Added material ShaderMap 0x000001E453382B00 with Material 0x000001E408A52800 to ShaderMapsBeingCompiled
[2017.02.26-17.44.59:660][930]LogTemp:Display: Kicking off shader compilation for PersonaFloorMat, GameThreadShaderMap 0x000001E453382B00
[2017.02.26-17.45.01:578][  0]LogTemp:Display: Finished compile of shader map 0x000001E46019B200
[2017.02.26-17.45.01:578][  0]LogTemp:Display: Shader map GridMaterial complete, GameThreadShaderMap 0x000001E46019B200, marking material GridMaterial as finished
[2017.02.26-17.45.01:578][  0]LogTemp:Display: Marking material as finished 0x000001E408AA7880
[2017.02.26-17.45.02:493][ 55]LogTemp:Display: Finished compile of shader map 0x000001E453382B00
[2017.02.26-17.45.02:493][ 55]LogTemp:Display: Shader map PersonaFloorMat complete, GameThreadShaderMap 0x000001E453382B00, marking material PersonaFloorMat as finished
[2017.02.26-17.45.02:493][ 55]LogTemp:Display: Marking material as finished 0x000001E408A52800
[2017.02.26-17.49.21:948][132]BlueprintLog: New page: Compile Camera_RTS
[2017.02.26-17.49.21:964][132]LogBlueprint:Error: [Compiler Camera_RTS] Error Wrong class to spawn '/Game/Maps/Pause_Menu.Pause_Menu_C' in  Construct Object from Class
[2017.02.26-17.49.21:991][132]LogBlueprint:Warning: [Compiler Structure_Template] Warning  Clear Timer by Handle  is deprecated; Use Clear and Invalidate Timer by Handle. Note: you no longer need to reset your handle yourself after switching to the new function.
[2017.02.26-17.49.21:991][132]LogBlueprint:Warning: [Compiler Structure_Template] Warning  Clear Timer by Handle  is deprecated; Use Clear and Invalidate Timer by Handle. Note: you no longer need to reset your handle yourself after switching to the new function.
[2017.02.26-17.49.22:278][132]BlueprintEditorCompileResults:Error: Error Wrong class to spawn '/Game/Maps/Pause_Menu.Pause_Menu_C' in  Construct Object from Class
[2017.02.26-17.49.22:280][132]LogBlueprint:Warning: [Compiler Camera_RTS] Warning [1172.23] Compile of Camera_RTS failed. 1 Fatal Issue(s) 0 Warning(s) [in 331 ms] (/Game/RTS/RTSPlayer/Camera_RTS.Camera_RTS)
[2017.02.26-17.50.02:780][379]LogEditorTransaction: Undo Create Pin Link
[2017.02.26-17.50.05:407][624]LogEditorTransaction: Undo Create Pin Link
[2017.02.26-17.50.06:685][747]LogEditorTransaction: Undo Create Pin Link
[2017.02.26-17.50.09:241][994]LogEditorTransaction: Undo Create Pin Link
[2017.02.26-17.50.14:623][511]BlueprintLog: New page: Compile Camera_RTS
[2017.02.26-17.50.14:632][511]LogBlueprint:Error: [Compiler Camera_RTS] Error Wrong class to spawn '/Game/Maps/Pause_Menu.Pause_Menu_C' in  Construct Object from Class
[2017.02.26-17.50.14:638][511]LogBlueprint:Error: [Compiler Camera_RTS] Error Outer object is required in  Construct Object from Class
[2017.02.26-17.50.14:641][511]LogBlueprint:Error: [Compiler Camera_RTS] Error This blueprint (self) is not a UserWidget, therefore ' Target ' must have a connection.
[2017.02.26-17.50.14:660][511]LogBlueprint:Warning: [Compiler Structure_Template] Warning  Clear Timer by Handle  is deprecated; Use Clear and Invalidate Timer by Handle. Note: you no longer need to reset your handle yourself after switching to the new function.
[2017.02.26-17.50.14:661][511]LogBlueprint:Warning: [Compiler Structure_Template] Warning  Clear Timer by Handle  is deprecated; Use Clear and Invalidate Timer by Handle. Note: you no longer need to reset your handle yourself after switching to the new function.
[2017.02.26-17.50.14:915][511]BlueprintEditorCompileResults:Error: Error Wrong class to spawn '/Game/Maps/Pause_Menu.Pause_Menu_C' in  Construct Object from Class
[2017.02.26-17.50.14:915][511]BlueprintEditorCompileResults:Error: Error Outer object is required in  Construct Object from Class
[2017.02.26-17.50.14:915][511]BlueprintEditorCompileResults:Error: Error This blueprint (self) is not a UserWidget, therefore ' Target ' must have a connection.
[2017.02.26-17.50.14:915][511]LogBlueprint:Warning: [Compiler Camera_RTS] Warning [1224.87] Compile of Camera_RTS failed. 3 Fatal Issue(s) 0 Warning(s) [in 292 ms] (/Game/RTS/RTSPlayer/Camera_RTS.Camera_RTS)
[2017.02.26-17.50.36:720][659]BlueprintLog: New page: Compile Camera_RTS
[2017.02.26-17.50.36:729][659]LogBlueprint:Error: [Compiler Camera_RTS] Error Wrong class to spawn '/Game/Maps/Pause_Menu.Pause_Menu_C' in  Construct Object from Class
[2017.02.26-17.50.36:729][659]LogBlueprint:Error: [Compiler Camera_RTS] Error Outer object is required in  Construct Object from Class
[2017.02.26-17.50.36:751][659]LogBlueprint:Warning: [Compiler Structure_Template] Warning  Clear Timer by Handle  is deprecated; Use Clear and Invalidate Timer by Handle. Note: you no longer need to reset your handle yourself after switching to the new function.
[2017.02.26-17.50.36:751][659]LogBlueprint:Warning: [Compiler Structure_Template] Warning  Clear Timer by Handle  is deprecated; Use Clear and Invalidate Timer by Handle. Note: you no longer need to reset your handle yourself after switching to the new function.
[2017.02.26-17.50.37:006][659]BlueprintEditorCompileResults:Error: Error Wrong class to spawn '/Game/Maps/Pause_Menu.Pause_Menu_C' in  Construct Object from Class
[2017.02.26-17.50.37:006][659]BlueprintEditorCompileResults:Error: Error Outer object is required in  Construct Object from Class
[2017.02.26-17.50.37:006][659]LogBlueprint:Warning: [Compiler Camera_RTS] Warning [1246.96] Compile of Camera_RTS failed. 2 Fatal Issue(s) 0 Warning(s) [in 286 ms] (/Game/RTS/RTSPlayer/Camera_RTS.Camera_RTS)
[2017.02.26-17.51.10:236][896]BlueprintLog: New page: Compile Camera_RTS
[2017.02.26-17.51.10:246][896]LogBlueprint:Error: [Compiler Camera_RTS] Error Wrong class to spawn '/Game/Maps/Pause_Menu.Pause_Menu_C' in  Construct Object from Class
[2017.02.26-17.51.10:267][896]LogBlueprint:Warning: [Compiler Structure_Template] Warning  Clear Timer by Handle  is deprecated; Use Clear and Invalidate Timer by Handle. Note: you no longer need to reset your handle yourself after switching to the new function.
[2017.02.26-17.51.10:267][896]LogBlueprint:Warning: [Compiler Structure_Template] Warning  Clear Timer by Handle  is deprecated; Use Clear and Invalidate Timer by Handle. Note: you no longer need to reset your handle yourself after switching to the new function.
[2017.02.26-17.51.10:519][896]BlueprintEditorCompileResults:Error: Error Wrong class to spawn '/Game/Maps/Pause_Menu.Pause_Menu_C' in  Construct Object from Class
[2017.02.26-17.51.10:519][896]LogBlueprint:Warning: [Compiler Camera_RTS] Warning [1280.47] Compile of Camera_RTS failed. 1 Fatal Issue(s) 0 Warning(s) [in 283 ms] (/Game/RTS/RTSPlayer/Camera_RTS.Camera_RTS)
[2017.02.26-17.51.14:409][260]LogSlate:Warning: Prevented a slow task dialog from being summoned while a context menu was open
[2017.02.26-17.51.16:764][475]BlueprintLog: New page: Compile Camera_RTS
[2017.02.26-17.51.16:773][475]LogBlueprint:Error: [Compiler Camera_RTS] Error Wrong class to spawn 'None' in  Construct Object from Class
[2017.02.26-17.51.16:796][475]LogBlueprint:Warning: [Compiler Structure_Template] Warning  Clear Timer by Handle  is deprecated; Use Clear and Invalidate Timer by Handle. Note: you no longer need to reset your handle yourself after switching to the new function.
[2017.02.26-17.51.16:796][475]LogBlueprint:Warning: [Compiler Structure_Template] Warning  Clear Timer by Handle  is deprecated; Use Clear and Invalidate Timer by Handle. Note: you no longer need to reset your handle yourself after switching to the new function.
[2017.02.26-17.51.17:046][475]BlueprintEditorCompileResults:Error: Error Wrong class to spawn 'None' in  Construct Object from Class
[2017.02.26-17.51.17:046][475]LogBlueprint:Warning: [Compiler Camera_RTS] Warning [1287.00] Compile of Camera_RTS failed. 1 Fatal Issue(s) 0 Warning(s) [in 283 ms] (/Game/RTS/RTSPlayer/Camera_RTS.Camera_RTS)
[2017.02.26-17.51.24:490][193]LogSlate:Warning: Prevented a slow task dialog from being summoned while a context menu was open
[2017.02.26-17.51.50:426][421]BlueprintLog: New page: Compile Camera_RTS
[2017.02.26-17.51.50:435][421]LogBlueprint:Error: [Compiler Camera_RTS] Error Wrong class to spawn '/Game/Maps/Menu.Menu_C' in  Construct Object from Class
[2017.02.26-17.51.50:457][421]LogBlueprint:Warning: [Compiler Structure_Template] Warning  Clear Timer by Handle  is deprecated; Use Clear and Invalidate Timer by Handle. Note: you no longer need to reset your handle yourself after switching to the new function.
[2017.02.26-17.51.50:457][421]LogBlueprint:Warning: [Compiler Structure_Template] Warning  Clear Timer by Handle  is deprecated; Use Clear and Invalidate Timer by Handle. Note: you no longer need to reset your handle yourself after switching to the new function.
[2017.02.26-17.51.50:711][421]BlueprintEditorCompileResults:Error: Error Wrong class to spawn '/Game/Maps/Menu.Menu_C' in  Construct Object from Class
[2017.02.26-17.51.50:712][421]LogBlueprint:Warning: [Compiler Camera_RTS] Warning [1320.67] Compile of Camera_RTS failed. 1 Fatal Issue(s) 0 Warning(s) [in 285 ms] (/Game/RTS/RTSPlayer/Camera_RTS.Camera_RTS)
[2017.02.26-17.51.55:029][839]LogSlate:Warning: Prevented a slow task dialog from being summoned while a context menu was open
[2017.02.26-17.52.00:830][412]BlueprintLog: New page: Compile Camera_RTS
[2017.02.26-17.52.00:839][412]LogBlueprint:Error: [Compiler Camera_RTS] Error Wrong class to spawn '/Game/Maps/Pause_Menu.Pause_Menu_C' in  Construct Object from Class
[2017.02.26-17.52.00:860][412]LogBlueprint:Warning: [Compiler Structure_Template] Warning  Clear Timer by Handle  is deprecated; Use Clear and Invalidate Timer by Handle. Note: you no longer need to reset your handle yourself after switching to the new function.
[2017.02.26-17.52.00:860][412]LogBlueprint:Warning: [Compiler Structure_Template] Warning  Clear Timer by Handle  is deprecated; Use Clear and Invalidate Timer by Handle. Note: you no longer need to reset your handle yourself after switching to the new function.
[2017.02.26-17.52.01:113][412]BlueprintEditorCompileResults:Error: Error Wrong class to spawn '/Game/Maps/Pause_Menu.Pause_Menu_C' in  Construct Object from Class
[2017.02.26-17.52.01:113][412]LogBlueprint:Warning: [Compiler Camera_RTS] Warning [1331.07] Compile of Camera_RTS failed. 1 Fatal Issue(s) 0 Warning(s) [in 283 ms] (/Game/RTS/RTSPlayer/Camera_RTS.Camera_RTS)
[2017.02.26-17.53.47:995][400]LogSlate:Warning: Prevented a slow task dialog from being summoned while a context menu was open
[2017.02.26-17.55.46:110][202]LogFileHelpers: Editor autosave (incl. sublevels) for '/Game/Maps/RTS_Map' took 0.024
[2017.02.26-17.55.46:111][202]OBJ SavePackage: Generating thumbnails for [0] asset(s) in package [/Game/RTS/RTSPlayer/Camera_RTS] ([1] browsable assets)...
[2017.02.26-17.55.46:111][202]OBJ SavePackage: Finished generating thumbnails for package [/Game/RTS/RTSPlayer/Camera_RTS]
[2017.02.26-17.55.46:145][202]LogSavePackage: Save=26.37ms
[2017.02.26-17.55.46:145][202]LogSavePackage: Moving '../../../../../../Users/Ben/Documents/GitUnreal/uRTS/RTSToolkit/Saved/Camera_RTS_Auto2A9EC7F8E41D117830CC95BB7B0221A42.tmp' to '../../../../../../Users/Ben/Documents/GitUnreal/uRTS/RTSToolkit/Saved/Autosaves/Game/RTS/RTSPlayer/Camera_RTS_Auto2.uasset'
[2017.02.26-17.55.46:146][202]LogSavePackage:Display: Finished SavePackage ../../../../../../Users/Ben/Documents/GitUnreal/uRTS/RTSToolkit/Saved/Autosaves/Game/RTS/RTSPlayer/Camera_RTS_Auto2.uasset
[2017.02.26-17.55.46:146][202]LogFileHelpers: Auto-saving content packages took 0.036
[2017.02.26-17.58.06:792][182]BlueprintLog: New page: Compile Camera_RTS
[2017.02.26-17.58.06:834][182]LogBlueprint:Warning: [Compiler Structure_Template] Warning  Clear Timer by Handle  is deprecated; Use Clear and Invalidate Timer by Handle. Note: you no longer need to reset your handle yourself after switching to the new function.
[2017.02.26-17.58.06:834][182]LogBlueprint:Warning: [Compiler Structure_Template] Warning  Clear Timer by Handle  is deprecated; Use Clear and Invalidate Timer by Handle. Note: you no longer need to reset your handle yourself after switching to the new function.
[2017.02.26-17.58.09:758][360]Cmd: OBJ SAVEPACKAGE PACKAGE="/Game/RTS/RTSPlayer/Camera_RTS" FILE="../../../../../../Users/Ben/Documents/GitUnreal/uRTS/RTSToolkit/Content/RTS/RTSPlayer/Camera_RTS.uasset" SILENT=true
[2017.02.26-17.58.09:793][360]LogSavePackage: Save=31.43ms
[2017.02.26-17.58.09:793][360]LogSavePackage: Moving '../../../../../../Users/Ben/Documents/GitUnreal/uRTS/RTSToolkit/Saved/Camera_RTS6A9F2F73418D2C7A19A18AB6AC694A0F.tmp' to '../../../../../../Users/Ben/Documents/GitUnreal/uRTS/RTSToolkit/Content/RTS/RTSPlayer/Camera_RTS.uasset'
[2017.02.26-17.58.09:796][360]LogSavePackage:Display: Finished SavePackage ../../../../../../Users/Ben/Documents/GitUnreal/uRTS/RTSToolkit/Content/RTS/RTSPlayer/Camera_RTS.uasset
[2017.02.26-17.59.13:084][675]LogAIModule: Creating AISystem for world Main_Menu
[2017.02.26-17.59.16:023][675]Cmd: OBJ SAVEPACKAGE PACKAGE="/Game/RTS/RTSPlayer/Camera_RTS" FILE="../../../../../../Users/Ben/Documents/GitUnreal/uRTS/RTSToolkit/Content/RTS/RTSPlayer/Camera_RTS.uasset" SILENT=true
[2017.02.26-17.59.16:048][675]LogSavePackage: Save=23.94ms
[2017.02.26-17.59.16:048][675]LogSavePackage: Moving '../../../../../../Users/Ben/Documents/GitUnreal/uRTS/RTSToolkit/Saved/Camera_RTS44395109457536A6E7B27AB576115CD2.tmp' to '../../../../../../Users/Ben/Documents/GitUnreal/uRTS/RTSToolkit/Content/RTS/RTSPlayer/Camera_RTS.uasset'
[2017.02.26-17.59.16:051][675]LogSavePackage:Display: Finished SavePackage ../../../../../../Users/Ben/Documents/GitUnreal/uRTS/RTSToolkit/Content/RTS/RTSPlayer/Camera_RTS.uasset
[2017.02.26-17.59.16:053][675]Cmd: MAP LOAD FILE="../../../../../../Users/Ben/Documents/GitUnreal/uRTS/RTSToolkit/Content/Maps/Main_Menu.umap" TEMPLATE=0 SHOWPROGRESS=1 FEATURELEVEL=3
[2017.02.26-17.59.16:053][675]LightingResults: New page: Lighting Build
[2017.02.26-17.59.16:054][675]LoadErrors: New page: Loading map: Main_Menu.umap
[2017.02.26-17.59.16:057][675]MapCheck: New page: Map Check
[2017.02.26-17.59.16:057][675]LightingResults: New page: Lighting Build
[2017.02.26-17.59.16:133][675]LogEditorServer: Finished looking for orphan Actors (0.000 secs)
[2017.02.26-17.59.16:146][675]Cmd: MAP CHECKDEP NOCLEARLOG
[2017.02.26-17.59.16:197][675]MapCheck: Info Map check complete: 0 Error(s), 0 Warning(s), took 50.869ms to complete.
[2017.02.26-17.59.16:197][675]LogFileHelpers: Loading map 'Main_Menu' took 0.146
[2017.02.26-17.59.18:636][961]LogTemp: Repeting last play command: Selected Viewport
[2017.02.26-17.59.18:644][961]LogBlueprintUserMessages: Early PlayInEditor Detection: Level '/Game/Maps/Main_Menu.Main_Menu:PersistentLevel' has LevelScriptBlueprint '/Game/Maps/Main_Menu.Main_Menu:PersistentLevel.Main_Menu' with GeneratedClass '/Game/Maps/Main_Menu.Main_Menu_C' with ClassGeneratedBy '/Game/Maps/Main_Menu.Main_Menu:PersistentLevel.Main_Menu'
[2017.02.26-17.59.18:645][961]BlueprintLog: New page: Pre-Play auto-recompile
[2017.02.26-17.59.18:645][961]LogPlayLevel: [PlayLevel] Compiling Camera_RTS before play...
[2017.02.26-17.59.18:678][961]LogBlueprint:Warning: [Compiler Structure_Template] Warning  Clear Timer by Handle  is deprecated; Use Clear and Invalidate Timer by Handle. Note: you no longer need to reset your handle yourself after switching to the new function.
[2017.02.26-17.59.18:678][961]LogBlueprint:Warning: [Compiler Structure_Template] Warning  Clear Timer by Handle  is deprecated; Use Clear and Invalidate Timer by Handle. Note: you no longer need to reset your handle yourself after switching to the new function.
[2017.02.26-17.59.18:841][961]LogPlayLevel: PlayLevel: Blueprint regeneration took 196 ms (1 blueprints)
[2017.02.26-17.59.18:841][961]PIE: New page: PIE session: Main_Menu (Feb 26, 2017, 7:59:18 AM)
[2017.02.26-17.59.18:841][961]LogPlayLevel: Creating play world package: /Game/Maps/UEDPIE_0_Main_Menu
[2017.02.26-17.59.18:842][961]LogPlayLevel: PIE: StaticDuplicateObject took: (0.000795s)
[2017.02.26-17.59.18:843][961]LogAIModule: Creating AISystem for world Main_Menu
[2017.02.26-17.59.18:843][961]LogPlayLevel: PIE: World Init took: (0.000503s)
[2017.02.26-17.59.18:843][961]LogPlayLevel: PIE: Created PIE world by copying editor world from /Game/Maps/Main_Menu.Main_Menu to /Game/Maps/UEDPIE_0_Main_Menu.Main_Menu (0.001492s)
[2017.02.26-17.59.18:866][961]LogInit: XAudio2 using 'Speakers (Realtek High Definition Audio)' : 2 channels at 48 kHz using 32 bits per sample (channel mask 0x3)
[2017.02.26-17.59.18:874][961]LogInit: FAudioDevice initialized.
[2017.02.26-17.59.18:915][961]LogLoad: Game class is 'Game_RTS_C'
[2017.02.26-17.59.18:917][961]LogWorld: Bringing World /Game/Maps/UEDPIE_0_Main_Menu.Main_Menu up for play (max tick rate 0) at 2017.02.26-12.59.18
[2017.02.26-17.59.18:917][961]LogWorld: Bringing up level for play took: 0.000568
[2017.02.26-17.59.18:958][961]LogContentBrowser: Native class hierarchy updated for 'MovieSceneCapture' in 0.0005 seconds. Added 11 classes and 0 folders.
[2017.02.26-17.59.18:958][961]LogGameMode:Display: Match State Changed from EnteringMap to WaitingToStart
[2017.02.26-17.59.18:958][961]LogGameState: Match State Changed from EnteringMap to WaitingToStart
[2017.02.26-17.59.18:958][961]LogGameMode:Display: Match State Changed from WaitingToStart to InProgress
[2017.02.26-17.59.18:962][961]LogGameState: Match State Changed from WaitingToStart to InProgress
[2017.02.26-17.59.18:962][961]PIE: Info Play in editor start time for /Game/Maps/UEDPIE_0_Main_Menu 0.475
[2017.02.26-17.59.18:963][961]LogBlueprintUserMessages: Late PlayInEditor Detection: Level '/Game/Maps/Main_Menu.Main_Menu:PersistentLevel' has LevelScriptBlueprint '/Game/Maps/Main_Menu.Main_Menu:PersistentLevel.Main_Menu' with GeneratedClass '/Game/Maps/Main_Menu.Main_Menu_C' with ClassGeneratedBy '/Game/Maps/Main_Menu.Main_Menu:PersistentLevel.Main_Menu'
[2017.02.26-17.59.19:919][ 70]LogGameMode:Display: Match State Changed from InProgress to LeavingMap
[2017.02.26-17.59.19:919][ 70]LogGameState: Match State Changed from InProgress to LeavingMap
[2017.02.26-17.59.19:919][ 70]LogNet: Browse: /Game/Maps/RTS_Map
[2017.02.26-17.59.19:919][ 70]LogLoad: LoadMap: /Game/Maps/RTS_Map
[2017.02.26-17.59.19:939][ 70]Cmd: MEM
[2017.02.26-17.59.19:953][ 70]LogMemory: Platform Memory Stats for Windows
[2017.02.26-17.59.19:953][ 70]LogMemory: Process Physical Memory: 2125.42 MB used, 2132.43 MB peak
[2017.02.26-17.59.19:953][ 70]LogMemory: Process Virtual Memory: 2688.21 MB used, 2781.46 MB peak
[2017.02.26-17.59.19:953][ 70]LogMemory: Physical Memory: 7597.52 MB used,  8738.13 MB free, 16335.65 MB total
[2017.02.26-17.59.19:953][ 70]LogMemory: Virtual Memory: 3463.53 MB used,  8738.13 MB free, 134217728.00 MB total
[2017.02.26-17.59.19:953][ 70]LogMemory: 
[2017.02.26-17.59.19:953][ 70]Allocator Stats for TBB: (not implemented)
[2017.02.26-17.59.20:579][ 70]LogAIModule: Creating AISystem for world RTS_Map
[2017.02.26-17.59.20:580][ 70]LogLoad: Game class is 'Game_RTS_C'
[2017.02.26-17.59.20:581][ 70]LogActorComponent: RegisterComponentWithWorld: (/Game/Maps/UEDPIE_0_RTS_Map.RTS_Map:PersistentLevel.WorldSettings.StaticMeshComponent0) Trying to register component with IsPendingKill() == true. Aborting.
[2017.02.26-17.59.20:597][ 70]LogWorld: Bringing World /Game/Maps/UEDPIE_0_RTS_Map.RTS_Map up for play (max tick rate 0) at 2017.02.26-12.59.20
[2017.02.26-17.59.20:600][ 70]LogWorld: Bringing up level for play took: 0.018972
[2017.02.26-17.59.20:600][ 70]LogGameMode:Display: Match State Changed from EnteringMap to WaitingToStart
[2017.02.26-17.59.20:600][ 70]LogGameState: Match State Changed from EnteringMap to WaitingToStart
[2017.02.26-17.59.20:600][ 70]LogGameMode:Display: Match State Changed from WaitingToStart to InProgress
[2017.02.26-17.59.20:768][ 70]LogGameState: Match State Changed from WaitingToStart to InProgress
[2017.02.26-17.59.20:768][ 70]LogLoad: Took 0.848696 seconds to LoadMap(/Game/Maps/RTS_Map)
[2017.02.26-17.59.37:433][727]LogGameMode:Display: Match State Changed from InProgress to LeavingMap
[2017.02.26-17.59.37:433][727]LogGameState: Match State Changed from InProgress to LeavingMap
[2017.02.26-17.59.37:433][727]LogNet: Browse: /Game/Maps/RTS_Map
[2017.02.26-17.59.37:433][727]LogLoad: LoadMap: /Game/Maps/RTS_Map
[2017.02.26-17.59.37:487][727]Cmd: MEM
[2017.02.26-17.59.37:501][727]LogMemory: Platform Memory Stats for Windows
[2017.02.26-17.59.37:501][727]LogMemory: Process Physical Memory: 2136.18 MB used, 2205.27 MB peak
[2017.02.26-17.59.37:501][727]LogMemory: Process Virtual Memory: 2710.16 MB used, 2814.30 MB peak
[2017.02.26-17.59.37:501][727]LogMemory: Physical Memory: 7535.75 MB used,  8799.90 MB free, 16335.65 MB total
[2017.02.26-17.59.37:501][727]LogMemory: Virtual Memory: 3530.53 MB used,  8799.90 MB free, 134217728.00 MB total
[2017.02.26-17.59.37:501][727]LogMemory: 
[2017.02.26-17.59.37:501][727]Allocator Stats for TBB: (not implemented)
[2017.02.26-17.59.38:116][727]LogAIModule: Creating AISystem for world RTS_Map
[2017.02.26-17.59.38:116][727]LogLoad: Game class is 'Game_RTS_C'
[2017.02.26-17.59.38:118][727]LogActorComponent: RegisterComponentWithWorld: (/Game/Maps/UEDPIE_0_RTS_Map.RTS_Map:PersistentLevel.WorldSettings.StaticMeshComponent0) Trying to register component with IsPendingKill() == true. Aborting.
[2017.02.26-17.59.38:134][727]LogWorld: Bringing World /Game/Maps/UEDPIE_0_RTS_Map.RTS_Map up for play (max tick rate 0) at 2017.02.26-12.59.38
[2017.02.26-17.59.38:137][727]LogWorld: Bringing up level for play took: 0.019306
[2017.02.26-17.59.38:137][727]LogGameMode:Display: Match State Changed from EnteringMap to WaitingToStart
[2017.02.26-17.59.38:137][727]LogGameState: Match State Changed from EnteringMap to WaitingToStart
[2017.02.26-17.59.38:137][727]LogGameMode:Display: Match State Changed from WaitingToStart to InProgress
[2017.02.26-17.59.38:308][727]LogGameState: Match State Changed from WaitingToStart to InProgress
[2017.02.26-17.59.38:308][727]LogLoad: Took 0.875187 seconds to LoadMap(/Game/Maps/RTS_Map)
[2017.02.26-18.00.00:824][833]LogBlueprintUserMessages: Early EndPlayMap Detection: Level '/Game/Maps/Main_Menu.Main_Menu:PersistentLevel' has LevelScriptBlueprint '/Game/Maps/Main_Menu.Main_Menu:PersistentLevel.Main_Menu' with GeneratedClass '/Game/Maps/Main_Menu.Main_Menu_C' with ClassGeneratedBy '/Game/Maps/Main_Menu.Main_Menu:PersistentLevel.Main_Menu'
[2017.02.26-18.00.00:876][833]LogBlueprintUserMessages: Late EndPlayMap Detection: Level '/Game/Maps/Main_Menu.Main_Menu:PersistentLevel' has LevelScriptBlueprint '/Game/Maps/Main_Menu.Main_Menu:PersistentLevel.Main_Menu' with GeneratedClass '/Game/Maps/Main_Menu.Main_Menu_C' with ClassGeneratedBy '/Game/Maps/Main_Menu.Main_Menu:PersistentLevel.Main_Menu'
[2017.02.26-18.00.02:879][ 67]LogTemp: Repeting last play command: Selected Viewport
[2017.02.26-18.00.02:884][ 67]LogBlueprintUserMessages: Early PlayInEditor Detection: Level '/Game/Maps/Main_Menu.Main_Menu:PersistentLevel' has LevelScriptBlueprint '/Game/Maps/Main_Menu.Main_Menu:PersistentLevel.Main_Menu' with GeneratedClass '/Game/Maps/Main_Menu.Main_Menu_C' with ClassGeneratedBy '/Game/Maps/Main_Menu.Main_Menu:PersistentLevel.Main_Menu'
[2017.02.26-18.00.02:885][ 67]LogPlayLevel: PlayLevel: No blueprints needed recompiling
[2017.02.26-18.00.02:885][ 67]PIE: New page: PIE session: Main_Menu (Feb 26, 2017, 8:00:02 AM)
[2017.02.26-18.00.02:885][ 67]LogPlayLevel: Creating play world package: /Game/Maps/UEDPIE_0_Main_Menu
[2017.02.26-18.00.02:885][ 67]LogPlayLevel: PIE: StaticDuplicateObject took: (0.000803s)
[2017.02.26-18.00.02:886][ 67]LogAIModule: Creating AISystem for world Main_Menu
[2017.02.26-18.00.02:886][ 67]LogPlayLevel: PIE: World Init took: (0.000529s)
[2017.02.26-18.00.02:886][ 67]LogPlayLevel: PIE: Created PIE world by copying editor world from /Game/Maps/Main_Menu.Main_Menu to /Game/Maps/UEDPIE_0_Main_Menu.Main_Menu (0.001515s)
[2017.02.26-18.00.02:908][ 67]LogInit: XAudio2 using 'Speakers (Realtek High Definition Audio)' : 2 channels at 48 kHz using 32 bits per sample (channel mask 0x3)
[2017.02.26-18.00.02:916][ 67]LogInit: FAudioDevice initialized.
[2017.02.26-18.00.02:945][ 67]LogLoad: Game class is 'Game_RTS_C'
[2017.02.26-18.00.02:947][ 67]LogWorld: Bringing World /Game/Maps/UEDPIE_0_Main_Menu.Main_Menu up for play (max tick rate 0) at 2017.02.26-13.00.02
[2017.02.26-18.00.02:947][ 67]LogWorld: Bringing up level for play took: 0.000989
[2017.02.26-18.00.02:947][ 67]LogGameMode:Display: Match State Changed from EnteringMap to WaitingToStart
[2017.02.26-18.00.02:947][ 67]LogGameState: Match State Changed from EnteringMap to WaitingToStart
[2017.02.26-18.00.02:947][ 67]LogGameMode:Display: Match State Changed from WaitingToStart to InProgress
[2017.02.26-18.00.02:952][ 67]LogGameState: Match State Changed from WaitingToStart to InProgress
[2017.02.26-18.00.02:952][ 67]PIE: Info Play in editor start time for /Game/Maps/UEDPIE_0_Main_Menu 0.464
[2017.02.26-18.00.02:952][ 67]LogBlueprintUserMessages: Late PlayInEditor Detection: Level '/Game/Maps/Main_Menu.Main_Menu:PersistentLevel' has LevelScriptBlueprint '/Game/Maps/Main_Menu.Main_Menu:PersistentLevel.Main_Menu' with GeneratedClass '/Game/Maps/Main_Menu.Main_Menu_C' with ClassGeneratedBy '/Game/Maps/Main_Menu.Main_Menu:PersistentLevel.Main_Menu'
[2017.02.26-18.00.03:998][191]LogGameMode:Display: Match State Changed from InProgress to LeavingMap
[2017.02.26-18.00.03:998][191]LogGameState: Match State Changed from InProgress to LeavingMap
[2017.02.26-18.00.03:999][191]LogNet: Browse: /Game/Maps/RTS_Map
[2017.02.26-18.00.03:999][191]LogLoad: LoadMap: /Game/Maps/RTS_Map
[2017.02.26-18.00.04:015][191]Cmd: MEM
[2017.02.26-18.00.04:032][191]LogMemory: Platform Memory Stats for Windows
[2017.02.26-18.00.04:032][191]LogMemory: Process Physical Memory: 2159.73 MB used, 2205.27 MB peak
[2017.02.26-18.00.04:032][191]LogMemory: Process Virtual Memory: 2723.98 MB used, 2814.30 MB peak
[2017.02.26-18.00.04:032][191]LogMemory: Physical Memory: 7555.90 MB used,  8779.75 MB free, 16335.65 MB total
[2017.02.26-18.00.04:032][191]LogMemory: Virtual Memory: 3500.40 MB used,  8779.75 MB free, 134217728.00 MB total
[2017.02.26-18.00.04:032][191]LogMemory: 
[2017.02.26-18.00.04:032][191]Allocator Stats for TBB: (not implemented)
[2017.02.26-18.00.04:655][191]LogAIModule: Creating AISystem for world RTS_Map
[2017.02.26-18.00.04:656][191]LogLoad: Game class is 'Game_RTS_C'
[2017.02.26-18.00.04:658][191]LogActorComponent: RegisterComponentWithWorld: (/Game/Maps/UEDPIE_0_RTS_Map.RTS_Map:PersistentLevel.WorldSettings.StaticMeshComponent0) Trying to register component with IsPendingKill() == true. Aborting.
[2017.02.26-18.00.04:682][191]LogWorld: Bringing World /Game/Maps/UEDPIE_0_RTS_Map.RTS_Map up for play (max tick rate 0) at 2017.02.26-13.00.04
[2017.02.26-18.00.04:684][191]LogWorld: Bringing up level for play took: 0.027197
[2017.02.26-18.00.04:685][191]LogGameMode:Display: Match State Changed from EnteringMap to WaitingToStart
[2017.02.26-18.00.04:685][191]LogGameState: Match State Changed from EnteringMap to WaitingToStart
[2017.02.26-18.00.04:685][191]LogGameMode:Display: Match State Changed from WaitingToStart to InProgress
[2017.02.26-18.00.04:855][191]LogGameState: Match State Changed from WaitingToStart to InProgress
[2017.02.26-18.00.04:855][191]LogLoad: Took 0.855634 seconds to LoadMap(/Game/Maps/RTS_Map)
[2017.02.26-18.00.14:056][137]LogGameMode:Display: Match State Changed from InProgress to LeavingMap
[2017.02.26-18.00.14:056][137]LogGameState: Match State Changed from InProgress to LeavingMap
[2017.02.26-18.00.14:056][137]LogNet: Browse: /Game/Maps/RTS_Map
[2017.02.26-18.00.14:056][137]LogLoad: LoadMap: /Game/Maps/RTS_Map
[2017.02.26-18.00.14:108][137]Cmd: MEM
[2017.02.26-18.00.14:124][137]LogMemory: Platform Memory Stats for Windows
[2017.02.26-18.00.14:124][137]LogMemory: Process Physical Memory: 2145.32 MB used, 2205.27 MB peak
[2017.02.26-18.00.14:124][137]LogMemory: Process Virtual Memory: 2724.93 MB used, 2814.30 MB peak
[2017.02.26-18.00.14:125][137]LogMemory: Physical Memory: 7536.36 MB used,  8799.29 MB free, 16335.65 MB total
[2017.02.26-18.00.14:125][137]LogMemory: Virtual Memory: 3533.78 MB used,  8799.29 MB free, 134217728.00 MB total
[2017.02.26-18.00.14:125][137]LogMemory: 
[2017.02.26-18.00.14:125][137]Allocator Stats for TBB: (not implemented)
[2017.02.26-18.00.14:731][137]LogAIModule: Creating AISystem for world RTS_Map
[2017.02.26-18.00.14:731][137]LogLoad: Game class is 'Game_RTS_C'
[2017.02.26-18.00.14:733][137]LogActorComponent: RegisterComponentWithWorld: (/Game/Maps/UEDPIE_0_RTS_Map.RTS_Map:PersistentLevel.WorldSettings.StaticMeshComponent0) Trying to register component with IsPendingKill() == true. Aborting.
[2017.02.26-18.00.14:749][137]LogWorld: Bringing World /Game/Maps/UEDPIE_0_RTS_Map.RTS_Map up for play (max tick rate 0) at 2017.02.26-13.00.14
[2017.02.26-18.00.14:751][137]LogWorld: Bringing up level for play took: 0.018780
[2017.02.26-18.00.14:752][137]LogGameMode:Display: Match State Changed from EnteringMap to WaitingToStart
[2017.02.26-18.00.14:752][137]LogGameState: Match State Changed from EnteringMap to WaitingToStart
[2017.02.26-18.00.14:752][137]LogGameMode:Display: Match State Changed from WaitingToStart to InProgress
[2017.02.26-18.00.14:919][137]LogGameState: Match State Changed from WaitingToStart to InProgress
[2017.02.26-18.00.14:919][137]LogLoad: Took 0.862435 seconds to LoadMap(/Game/Maps/RTS_Map)
[2017.02.26-18.00.23:344][932]LogBlueprintUserMessages: Early EndPlayMap Detection: Level '/Game/Maps/Main_Menu.Main_Menu:PersistentLevel' has LevelScriptBlueprint '/Game/Maps/Main_Menu.Main_Menu:PersistentLevel.Main_Menu' with GeneratedClass '/Game/Maps/Main_Menu.Main_Menu_C' with ClassGeneratedBy '/Game/Maps/Main_Menu.Main_Menu:PersistentLevel.Main_Menu'
[2017.02.26-18.00.23:386][932]LogBlueprintUserMessages: Late EndPlayMap Detection: Level '/Game/Maps/Main_Menu.Main_Menu:PersistentLevel' has LevelScriptBlueprint '/Game/Maps/Main_Menu.Main_Menu:PersistentLevel.Main_Menu' with GeneratedClass '/Game/Maps/Main_Menu.Main_Menu_C' with ClassGeneratedBy '/Game/Maps/Main_Menu.Main_Menu:PersistentLevel.Main_Menu'
[2017.02.26-18.00.24:616][ 74]LogEditorViewport: Clicking Background
[2017.02.26-18.00.41:050][134]BlueprintLog: New page: Compile Pause_Menu
[2017.02.26-18.00.45:598][477]LogTemp: Repeting last play command: Selected Viewport
[2017.02.26-18.00.45:603][477]LogBlueprintUserMessages: Early PlayInEditor Detection: Level '/Game/Maps/Main_Menu.Main_Menu:PersistentLevel' has LevelScriptBlueprint '/Game/Maps/Main_Menu.Main_Menu:PersistentLevel.Main_Menu' with GeneratedClass '/Game/Maps/Main_Menu.Main_Menu_C' with ClassGeneratedBy '/Game/Maps/Main_Menu.Main_Menu:PersistentLevel.Main_Menu'
[2017.02.26-18.00.45:603][477]LogPlayLevel: PlayLevel: No blueprints needed recompiling
[2017.02.26-18.00.45:603][477]PIE: New page: PIE session: Main_Menu (Feb 26, 2017, 8:00:45 AM)
[2017.02.26-18.00.45:604][477]LogPlayLevel: Creating play world package: /Game/Maps/UEDPIE_0_Main_Menu
[2017.02.26-18.00.45:604][477]LogPlayLevel: PIE: StaticDuplicateObject took: (0.000851s)
[2017.02.26-18.00.45:605][477]LogAIModule: Creating AISystem for world Main_Menu
[2017.02.26-18.00.45:605][477]LogPlayLevel: PIE: World Init took: (0.000531s)
[2017.02.26-18.00.45:605][477]LogPlayLevel: PIE: Created PIE world by copying editor world from /Game/Maps/Main_Menu.Main_Menu to /Game/Maps/UEDPIE_0_Main_Menu.Main_Menu (0.001571s)
[2017.02.26-18.00.45:627][477]LogInit: XAudio2 using 'Speakers (Realtek High Definition Audio)' : 2 channels at 48 kHz using 32 bits per sample (channel mask 0x3)
[2017.02.26-18.00.45:635][477]LogInit: FAudioDevice initialized.
[2017.02.26-18.00.45:668][477]LogLoad: Game class is 'Game_RTS_C'
[2017.02.26-18.00.45:669][477]LogWorld: Bringing World /Game/Maps/UEDPIE_0_Main_Menu.Main_Menu up for play (max tick rate 0) at 2017.02.26-13.00.45
[2017.02.26-18.00.45:669][477]LogWorld: Bringing up level for play took: 0.000603
[2017.02.26-18.00.45:670][477]LogGameMode:Display: Match State Changed from EnteringMap to WaitingToStart
[2017.02.26-18.00.45:670][477]LogGameState: Match State Changed from EnteringMap to WaitingToStart
[2017.02.26-18.00.45:670][477]LogGameMode:Display: Match State Changed from WaitingToStart to InProgress
[2017.02.26-18.00.45:674][477]LogGameState: Match State Changed from WaitingToStart to InProgress
[2017.02.26-18.00.45:674][477]PIE: Info Play in editor start time for /Game/Maps/UEDPIE_0_Main_Menu -0.814
[2017.02.26-18.00.45:674][477]LogBlueprintUserMessages: Late PlayInEditor Detection: Level '/Game/Maps/Main_Menu.Main_Menu:PersistentLevel' has LevelScriptBlueprint '/Game/Maps/Main_Menu.Main_Menu:PersistentLevel.Main_Menu' with GeneratedClass '/Game/Maps/Main_Menu.Main_Menu_C' with ClassGeneratedBy '/Game/Maps/Main_Menu.Main_Menu:PersistentLevel.Main_Menu'
[2017.02.26-18.00.49:346][915]LogGameMode:Display: Match State Changed from InProgress to LeavingMap
[2017.02.26-18.00.49:346][915]LogGameState: Match State Changed from InProgress to LeavingMap
[2017.02.26-18.00.49:347][915]LogNet: Browse: /Game/Maps/RTS_Map
[2017.02.26-18.00.49:347][915]LogLoad: LoadMap: /Game/Maps/RTS_Map
[2017.02.26-18.00.49:362][915]Cmd: MEM
[2017.02.26-18.00.49:376][915]LogMemory: Platform Memory Stats for Windows
[2017.02.26-18.00.49:376][915]LogMemory: Process Physical Memory: 2137.70 MB used, 2205.27 MB peak
[2017.02.26-18.00.49:376][915]LogMemory: Process Virtual Memory: 2766.81 MB used, 2817.46 MB peak
[2017.02.26-18.00.49:376][915]LogMemory: Physical Memory: 7567.46 MB used,  8768.19 MB free, 16335.65 MB total
[2017.02.26-18.00.49:376][915]LogMemory: Virtual Memory: 3575.03 MB used,  8768.19 MB free, 134217728.00 MB total
[2017.02.26-18.00.49:376][915]LogMemory: 
[2017.02.26-18.00.49:376][915]Allocator Stats for TBB: (not implemented)
[2017.02.26-18.00.49:998][915]LogAIModule: Creating AISystem for world RTS_Map
[2017.02.26-18.00.49:998][915]LogLoad: Game class is 'Game_RTS_C'
[2017.02.26-18.00.50:000][915]LogActorComponent: RegisterComponentWithWorld: (/Game/Maps/UEDPIE_0_RTS_Map.RTS_Map:PersistentLevel.WorldSettings.StaticMeshComponent0) Trying to register component with IsPendingKill() == true. Aborting.
[2017.02.26-18.00.50:018][915]LogWorld: Bringing World /Game/Maps/UEDPIE_0_RTS_Map.RTS_Map up for play (max tick rate 0) at 2017.02.26-13.00.50
[2017.02.26-18.00.50:020][915]LogWorld: Bringing up level for play took: 0.020838
[2017.02.26-18.00.50:021][915]LogGameMode:Display: Match State Changed from EnteringMap to WaitingToStart
[2017.02.26-18.00.50:021][915]LogGameState: Match State Changed from EnteringMap to WaitingToStart
[2017.02.26-18.00.50:021][915]LogGameMode:Display: Match State Changed from WaitingToStart to InProgress
[2017.02.26-18.00.50:187][915]LogGameState: Match State Changed from WaitingToStart to InProgress
[2017.02.26-18.00.50:187][915]LogLoad: Took 0.839758 seconds to LoadMap(/Game/Maps/RTS_Map)
[2017.02.26-18.00.53:565][251]LogBlueprintUserMessages: Early EndPlayMap Detection: Level '/Game/Maps/Main_Menu.Main_Menu:PersistentLevel' has LevelScriptBlueprint '/Game/Maps/Main_Menu.Main_Menu:PersistentLevel.Main_Menu' with GeneratedClass '/Game/Maps/Main_Menu.Main_Menu_C' with ClassGeneratedBy '/Game/Maps/Main_Menu.Main_Menu:PersistentLevel.Main_Menu'
[2017.02.26-18.00.53:610][251]LogBlueprintUserMessages: Late EndPlayMap Detection: Level '/Game/Maps/Main_Menu.Main_Menu:PersistentLevel' has LevelScriptBlueprint '/Game/Maps/Main_Menu.Main_Menu:PersistentLevel.Main_Menu' with GeneratedClass '/Game/Maps/Main_Menu.Main_Menu_C' with ClassGeneratedBy '/Game/Maps/Main_Menu.Main_Menu:PersistentLevel.Main_Menu'
[2017.02.26-18.01.01:643][204]Cmd: OBJ SAVEPACKAGE PACKAGE="/Game/Maps/Main_Menu" FILE="../../../../../../Users/Ben/Documents/GitUnreal/uRTS/RTSToolkit/Content/Maps/Main_Menu.umap" SILENT=true AUTOSAVING=false KEEPDIRTY=false
[2017.02.26-18.01.01:749][204]LogSavePackage: Save=87.97ms
[2017.02.26-18.01.01:749][204]LogSavePackage: Moving '../../../../../../Users/Ben/Documents/GitUnreal/uRTS/RTSToolkit/Saved/Main_MenuFE8FEC8C477D3FF91E4443939E5B9A74.tmp' to '../../../../../../Users/Ben/Documents/GitUnreal/uRTS/RTSToolkit/Content/Maps/Main_Menu.umap'
[2017.02.26-18.01.01:751][204]LogSavePackage:Display: Finished SavePackage ../../../../../../Users/Ben/Documents/GitUnreal/uRTS/RTSToolkit/Content/Maps/Main_Menu.umap
